[2024-10-14T23:19:34.482+0000] {processor.py:186} INFO - Started process (PID=131) to work on /opt/airflow/dags/pipeline.py
[2024-10-14T23:19:34.482+0000] {processor.py:914} INFO - Processing file /opt/airflow/dags/pipeline.py for tasks to queue
[2024-10-14T23:19:34.492+0000] {logging_mixin.py:190} INFO - [2024-10-14T23:19:34.492+0000] {dagbag.py:588} INFO - Filling up the DagBag from /opt/airflow/dags/pipeline.py
[2024-10-14T23:19:34.590+0000] {logging_mixin.py:190} INFO - [2024-10-14T23:19:34.527+0000] {dagbag.py:387} ERROR - Failed to import: /opt/airflow/dags/pipeline.py
Traceback (most recent call last):
  File "/home/airflow/.local/lib/python3.12/site-packages/airflow/models/dagbag.py", line 383, in parse
    loader.exec_module(new_module)
  File "<frozen importlib._bootstrap_external>", line 995, in exec_module
  File "<frozen importlib._bootstrap>", line 488, in _call_with_frames_removed
  File "/opt/airflow/dags/pipeline.py", line 1, in <module>
    from airflow.src.download import download_files_from_s3
ModuleNotFoundError: No module named 'airflow.src'
[2024-10-14T23:19:34.593+0000] {processor.py:927} WARNING - No viable dags retrieved from /opt/airflow/dags/pipeline.py
[2024-10-14T23:19:34.681+0000] {processor.py:208} INFO - Processing /opt/airflow/dags/pipeline.py took 0.205 seconds
[2024-10-14T23:20:05.484+0000] {processor.py:186} INFO - Started process (PID=132) to work on /opt/airflow/dags/pipeline.py
[2024-10-14T23:20:05.486+0000] {processor.py:914} INFO - Processing file /opt/airflow/dags/pipeline.py for tasks to queue
[2024-10-14T23:20:05.495+0000] {logging_mixin.py:190} INFO - [2024-10-14T23:20:05.494+0000] {dagbag.py:588} INFO - Filling up the DagBag from /opt/airflow/dags/pipeline.py
[2024-10-14T23:20:05.556+0000] {logging_mixin.py:190} INFO - [2024-10-14T23:20:05.551+0000] {dagbag.py:387} ERROR - Failed to import: /opt/airflow/dags/pipeline.py
Traceback (most recent call last):
  File "/home/airflow/.local/lib/python3.12/site-packages/airflow/models/dagbag.py", line 383, in parse
    loader.exec_module(new_module)
  File "<frozen importlib._bootstrap_external>", line 995, in exec_module
  File "<frozen importlib._bootstrap>", line 488, in _call_with_frames_removed
  File "/opt/airflow/dags/pipeline.py", line 1, in <module>
    from airflow.src.download import download_files_from_s3
ModuleNotFoundError: No module named 'airflow.src'
[2024-10-14T23:20:05.564+0000] {processor.py:927} WARNING - No viable dags retrieved from /opt/airflow/dags/pipeline.py
[2024-10-14T23:20:05.618+0000] {processor.py:208} INFO - Processing /opt/airflow/dags/pipeline.py took 0.141 seconds
[2024-10-14T23:20:36.853+0000] {processor.py:186} INFO - Started process (PID=133) to work on /opt/airflow/dags/pipeline.py
[2024-10-14T23:20:36.854+0000] {processor.py:914} INFO - Processing file /opt/airflow/dags/pipeline.py for tasks to queue
[2024-10-14T23:20:36.855+0000] {logging_mixin.py:190} INFO - [2024-10-14T23:20:36.855+0000] {dagbag.py:588} INFO - Filling up the DagBag from /opt/airflow/dags/pipeline.py
[2024-10-14T23:20:36.870+0000] {logging_mixin.py:190} INFO - [2024-10-14T23:20:36.866+0000] {dagbag.py:387} ERROR - Failed to import: /opt/airflow/dags/pipeline.py
Traceback (most recent call last):
  File "/home/airflow/.local/lib/python3.12/site-packages/airflow/models/dagbag.py", line 383, in parse
    loader.exec_module(new_module)
  File "<frozen importlib._bootstrap_external>", line 995, in exec_module
  File "<frozen importlib._bootstrap>", line 488, in _call_with_frames_removed
  File "/opt/airflow/dags/pipeline.py", line 1, in <module>
    from airflow.src.download import download_files_from_s3
ModuleNotFoundError: No module named 'airflow.src'
[2024-10-14T23:20:36.871+0000] {processor.py:927} WARNING - No viable dags retrieved from /opt/airflow/dags/pipeline.py
[2024-10-14T23:20:36.907+0000] {processor.py:208} INFO - Processing /opt/airflow/dags/pipeline.py took 0.058 seconds
[2024-10-14T23:21:08.119+0000] {processor.py:186} INFO - Started process (PID=134) to work on /opt/airflow/dags/pipeline.py
[2024-10-14T23:21:08.120+0000] {processor.py:914} INFO - Processing file /opt/airflow/dags/pipeline.py for tasks to queue
[2024-10-14T23:21:08.124+0000] {logging_mixin.py:190} INFO - [2024-10-14T23:21:08.123+0000] {dagbag.py:588} INFO - Filling up the DagBag from /opt/airflow/dags/pipeline.py
[2024-10-14T23:21:08.150+0000] {logging_mixin.py:190} INFO - [2024-10-14T23:21:08.145+0000] {dagbag.py:387} ERROR - Failed to import: /opt/airflow/dags/pipeline.py
Traceback (most recent call last):
  File "/home/airflow/.local/lib/python3.12/site-packages/airflow/models/dagbag.py", line 383, in parse
    loader.exec_module(new_module)
  File "<frozen importlib._bootstrap_external>", line 995, in exec_module
  File "<frozen importlib._bootstrap>", line 488, in _call_with_frames_removed
  File "/opt/airflow/dags/pipeline.py", line 1, in <module>
    from airflow.src.download import download_files_from_s3
ModuleNotFoundError: No module named 'airflow.src'
[2024-10-14T23:21:08.153+0000] {processor.py:927} WARNING - No viable dags retrieved from /opt/airflow/dags/pipeline.py
[2024-10-14T23:21:08.202+0000] {processor.py:208} INFO - Processing /opt/airflow/dags/pipeline.py took 0.089 seconds
[2024-10-14T23:21:38.656+0000] {processor.py:186} INFO - Started process (PID=135) to work on /opt/airflow/dags/pipeline.py
[2024-10-14T23:21:38.659+0000] {processor.py:914} INFO - Processing file /opt/airflow/dags/pipeline.py for tasks to queue
[2024-10-14T23:21:38.660+0000] {logging_mixin.py:190} INFO - [2024-10-14T23:21:38.660+0000] {dagbag.py:588} INFO - Filling up the DagBag from /opt/airflow/dags/pipeline.py
[2024-10-14T23:21:38.691+0000] {logging_mixin.py:190} INFO - [2024-10-14T23:21:38.682+0000] {dagbag.py:387} ERROR - Failed to import: /opt/airflow/dags/pipeline.py
Traceback (most recent call last):
  File "/home/airflow/.local/lib/python3.12/site-packages/airflow/models/dagbag.py", line 383, in parse
    loader.exec_module(new_module)
  File "<frozen importlib._bootstrap_external>", line 995, in exec_module
  File "<frozen importlib._bootstrap>", line 488, in _call_with_frames_removed
  File "/opt/airflow/dags/pipeline.py", line 1, in <module>
    from airflow.src.download import download_files_from_s3
ModuleNotFoundError: No module named 'airflow.src'
[2024-10-14T23:21:38.692+0000] {processor.py:927} WARNING - No viable dags retrieved from /opt/airflow/dags/pipeline.py
[2024-10-14T23:21:38.764+0000] {processor.py:208} INFO - Processing /opt/airflow/dags/pipeline.py took 0.113 seconds
[2024-10-14T23:22:09.648+0000] {processor.py:186} INFO - Started process (PID=136) to work on /opt/airflow/dags/pipeline.py
[2024-10-14T23:22:09.649+0000] {processor.py:914} INFO - Processing file /opt/airflow/dags/pipeline.py for tasks to queue
[2024-10-14T23:22:09.650+0000] {logging_mixin.py:190} INFO - [2024-10-14T23:22:09.650+0000] {dagbag.py:588} INFO - Filling up the DagBag from /opt/airflow/dags/pipeline.py
[2024-10-14T23:22:09.674+0000] {logging_mixin.py:190} INFO - [2024-10-14T23:22:09.670+0000] {dagbag.py:387} ERROR - Failed to import: /opt/airflow/dags/pipeline.py
Traceback (most recent call last):
  File "/home/airflow/.local/lib/python3.12/site-packages/airflow/models/dagbag.py", line 383, in parse
    loader.exec_module(new_module)
  File "<frozen importlib._bootstrap_external>", line 995, in exec_module
  File "<frozen importlib._bootstrap>", line 488, in _call_with_frames_removed
  File "/opt/airflow/dags/pipeline.py", line 1, in <module>
    from airflow.src.download import download_files_from_s3
ModuleNotFoundError: No module named 'airflow.src'
[2024-10-14T23:22:09.675+0000] {processor.py:927} WARNING - No viable dags retrieved from /opt/airflow/dags/pipeline.py
[2024-10-14T23:22:09.735+0000] {processor.py:208} INFO - Processing /opt/airflow/dags/pipeline.py took 0.091 seconds
[2024-10-14T23:22:40.189+0000] {processor.py:186} INFO - Started process (PID=137) to work on /opt/airflow/dags/pipeline.py
[2024-10-14T23:22:40.190+0000] {processor.py:914} INFO - Processing file /opt/airflow/dags/pipeline.py for tasks to queue
[2024-10-14T23:22:40.197+0000] {logging_mixin.py:190} INFO - [2024-10-14T23:22:40.196+0000] {dagbag.py:588} INFO - Filling up the DagBag from /opt/airflow/dags/pipeline.py
[2024-10-14T23:22:40.232+0000] {logging_mixin.py:190} INFO - [2024-10-14T23:22:40.226+0000] {dagbag.py:387} ERROR - Failed to import: /opt/airflow/dags/pipeline.py
Traceback (most recent call last):
  File "/home/airflow/.local/lib/python3.12/site-packages/airflow/models/dagbag.py", line 383, in parse
    loader.exec_module(new_module)
  File "<frozen importlib._bootstrap_external>", line 995, in exec_module
  File "<frozen importlib._bootstrap>", line 488, in _call_with_frames_removed
  File "/opt/airflow/dags/pipeline.py", line 1, in <module>
    from airflow.src.download import download_files_from_s3
ModuleNotFoundError: No module named 'airflow.src'
[2024-10-14T23:22:40.245+0000] {processor.py:927} WARNING - No viable dags retrieved from /opt/airflow/dags/pipeline.py
[2024-10-14T23:22:40.334+0000] {processor.py:208} INFO - Processing /opt/airflow/dags/pipeline.py took 0.153 seconds
[2024-10-14T23:23:11.938+0000] {processor.py:186} INFO - Started process (PID=138) to work on /opt/airflow/dags/pipeline.py
[2024-10-14T23:23:11.944+0000] {processor.py:914} INFO - Processing file /opt/airflow/dags/pipeline.py for tasks to queue
[2024-10-14T23:23:11.947+0000] {logging_mixin.py:190} INFO - [2024-10-14T23:23:11.946+0000] {dagbag.py:588} INFO - Filling up the DagBag from /opt/airflow/dags/pipeline.py
[2024-10-14T23:23:12.115+0000] {logging_mixin.py:190} INFO - [2024-10-14T23:23:12.044+0000] {dagbag.py:387} ERROR - Failed to import: /opt/airflow/dags/pipeline.py
Traceback (most recent call last):
  File "/home/airflow/.local/lib/python3.12/site-packages/airflow/models/dagbag.py", line 383, in parse
    loader.exec_module(new_module)
  File "<frozen importlib._bootstrap_external>", line 995, in exec_module
  File "<frozen importlib._bootstrap>", line 488, in _call_with_frames_removed
  File "/opt/airflow/dags/pipeline.py", line 1, in <module>
    from airflow.src.download import download_files_from_s3
ModuleNotFoundError: No module named 'airflow.src'
[2024-10-14T23:23:12.126+0000] {processor.py:927} WARNING - No viable dags retrieved from /opt/airflow/dags/pipeline.py
[2024-10-14T23:23:12.412+0000] {processor.py:208} INFO - Processing /opt/airflow/dags/pipeline.py took 0.482 seconds
[2024-10-14T23:23:44.528+0000] {processor.py:186} INFO - Started process (PID=139) to work on /opt/airflow/dags/pipeline.py
[2024-10-14T23:23:44.529+0000] {processor.py:914} INFO - Processing file /opt/airflow/dags/pipeline.py for tasks to queue
[2024-10-14T23:23:44.530+0000] {logging_mixin.py:190} INFO - [2024-10-14T23:23:44.530+0000] {dagbag.py:588} INFO - Filling up the DagBag from /opt/airflow/dags/pipeline.py
[2024-10-14T23:23:44.562+0000] {logging_mixin.py:190} INFO - [2024-10-14T23:23:44.555+0000] {dagbag.py:387} ERROR - Failed to import: /opt/airflow/dags/pipeline.py
Traceback (most recent call last):
  File "/home/airflow/.local/lib/python3.12/site-packages/airflow/models/dagbag.py", line 383, in parse
    loader.exec_module(new_module)
  File "<frozen importlib._bootstrap_external>", line 995, in exec_module
  File "<frozen importlib._bootstrap>", line 488, in _call_with_frames_removed
  File "/opt/airflow/dags/pipeline.py", line 1, in <module>
    from airflow.src.download import download_files_from_s3
ModuleNotFoundError: No module named 'airflow.src'
[2024-10-14T23:23:44.563+0000] {processor.py:927} WARNING - No viable dags retrieved from /opt/airflow/dags/pipeline.py
[2024-10-14T23:23:44.622+0000] {processor.py:208} INFO - Processing /opt/airflow/dags/pipeline.py took 0.099 seconds
[2024-10-14T23:24:15.580+0000] {processor.py:186} INFO - Started process (PID=140) to work on /opt/airflow/dags/pipeline.py
[2024-10-14T23:24:15.582+0000] {processor.py:914} INFO - Processing file /opt/airflow/dags/pipeline.py for tasks to queue
[2024-10-14T23:24:15.583+0000] {logging_mixin.py:190} INFO - [2024-10-14T23:24:15.583+0000] {dagbag.py:588} INFO - Filling up the DagBag from /opt/airflow/dags/pipeline.py
[2024-10-14T23:24:15.621+0000] {logging_mixin.py:190} INFO - [2024-10-14T23:24:15.617+0000] {dagbag.py:387} ERROR - Failed to import: /opt/airflow/dags/pipeline.py
Traceback (most recent call last):
  File "/home/airflow/.local/lib/python3.12/site-packages/airflow/models/dagbag.py", line 383, in parse
    loader.exec_module(new_module)
  File "<frozen importlib._bootstrap_external>", line 995, in exec_module
  File "<frozen importlib._bootstrap>", line 488, in _call_with_frames_removed
  File "/opt/airflow/dags/pipeline.py", line 1, in <module>
    from airflow.src.download import download_files_from_s3
ModuleNotFoundError: No module named 'airflow.src'
[2024-10-14T23:24:15.623+0000] {processor.py:927} WARNING - No viable dags retrieved from /opt/airflow/dags/pipeline.py
[2024-10-14T23:24:15.684+0000] {processor.py:208} INFO - Processing /opt/airflow/dags/pipeline.py took 0.108 seconds
[2024-10-14T23:24:46.334+0000] {processor.py:186} INFO - Started process (PID=141) to work on /opt/airflow/dags/pipeline.py
[2024-10-14T23:24:46.335+0000] {processor.py:914} INFO - Processing file /opt/airflow/dags/pipeline.py for tasks to queue
[2024-10-14T23:24:46.336+0000] {logging_mixin.py:190} INFO - [2024-10-14T23:24:46.335+0000] {dagbag.py:588} INFO - Filling up the DagBag from /opt/airflow/dags/pipeline.py
[2024-10-14T23:24:46.350+0000] {logging_mixin.py:190} INFO - [2024-10-14T23:24:46.345+0000] {dagbag.py:387} ERROR - Failed to import: /opt/airflow/dags/pipeline.py
Traceback (most recent call last):
  File "/home/airflow/.local/lib/python3.12/site-packages/airflow/models/dagbag.py", line 383, in parse
    loader.exec_module(new_module)
  File "<frozen importlib._bootstrap_external>", line 995, in exec_module
  File "<frozen importlib._bootstrap>", line 488, in _call_with_frames_removed
  File "/opt/airflow/dags/pipeline.py", line 1, in <module>
    from airflow.src.download import download_files_from_s3
ModuleNotFoundError: No module named 'airflow.src'
[2024-10-14T23:24:46.351+0000] {processor.py:927} WARNING - No viable dags retrieved from /opt/airflow/dags/pipeline.py
[2024-10-14T23:24:46.387+0000] {processor.py:208} INFO - Processing /opt/airflow/dags/pipeline.py took 0.058 seconds
[2024-10-14T23:24:54.993+0000] {processor.py:186} INFO - Started process (PID=142) to work on /opt/airflow/dags/pipeline.py
[2024-10-14T23:24:54.994+0000] {processor.py:914} INFO - Processing file /opt/airflow/dags/pipeline.py for tasks to queue
[2024-10-14T23:24:54.995+0000] {logging_mixin.py:190} INFO - [2024-10-14T23:24:54.995+0000] {dagbag.py:588} INFO - Filling up the DagBag from /opt/airflow/dags/pipeline.py
[2024-10-14T23:24:55.076+0000] {logging_mixin.py:190} INFO - [2024-10-14T23:24:55.058+0000] {dagbag.py:387} ERROR - Failed to import: /opt/airflow/dags/pipeline.py
Traceback (most recent call last):
  File "/home/airflow/.local/lib/python3.12/site-packages/airflow/models/dagbag.py", line 383, in parse
    loader.exec_module(new_module)
  File "<frozen importlib._bootstrap_external>", line 995, in exec_module
  File "<frozen importlib._bootstrap>", line 488, in _call_with_frames_removed
  File "/opt/airflow/dags/pipeline.py", line 1, in <module>
    from airflow.src.download import download_files_from_s3
ModuleNotFoundError: No module named 'airflow.src'
[2024-10-14T23:24:55.080+0000] {logging_mixin.py:190} WARNING - /opt/airflow/dags/pipeline.py:36 SyntaxWarning: invalid escape sequence '\P'
[2024-10-14T23:24:55.081+0000] {logging_mixin.py:190} WARNING - /opt/airflow/dags/pipeline.py:37 SyntaxWarning: invalid escape sequence '\P'
[2024-10-14T23:24:55.087+0000] {processor.py:927} WARNING - No viable dags retrieved from /opt/airflow/dags/pipeline.py
[2024-10-14T23:24:55.146+0000] {processor.py:208} INFO - Processing /opt/airflow/dags/pipeline.py took 0.158 seconds
[2024-10-14T23:25:25.672+0000] {processor.py:186} INFO - Started process (PID=143) to work on /opt/airflow/dags/pipeline.py
[2024-10-14T23:25:25.683+0000] {processor.py:914} INFO - Processing file /opt/airflow/dags/pipeline.py for tasks to queue
[2024-10-14T23:25:25.684+0000] {logging_mixin.py:190} INFO - [2024-10-14T23:25:25.684+0000] {dagbag.py:588} INFO - Filling up the DagBag from /opt/airflow/dags/pipeline.py
[2024-10-14T23:25:25.705+0000] {logging_mixin.py:190} INFO - [2024-10-14T23:25:25.700+0000] {dagbag.py:387} ERROR - Failed to import: /opt/airflow/dags/pipeline.py
Traceback (most recent call last):
  File "/home/airflow/.local/lib/python3.12/site-packages/airflow/models/dagbag.py", line 383, in parse
    loader.exec_module(new_module)
  File "<frozen importlib._bootstrap_external>", line 995, in exec_module
  File "<frozen importlib._bootstrap>", line 488, in _call_with_frames_removed
  File "/opt/airflow/dags/pipeline.py", line 1, in <module>
    from airflow.src.download import download_files_from_s3
ModuleNotFoundError: No module named 'airflow.src'
[2024-10-14T23:25:25.710+0000] {processor.py:927} WARNING - No viable dags retrieved from /opt/airflow/dags/pipeline.py
[2024-10-14T23:25:25.790+0000] {processor.py:208} INFO - Processing /opt/airflow/dags/pipeline.py took 0.126 seconds
[2024-10-14T23:25:56.634+0000] {processor.py:186} INFO - Started process (PID=144) to work on /opt/airflow/dags/pipeline.py
[2024-10-14T23:25:56.642+0000] {processor.py:914} INFO - Processing file /opt/airflow/dags/pipeline.py for tasks to queue
[2024-10-14T23:25:56.644+0000] {logging_mixin.py:190} INFO - [2024-10-14T23:25:56.644+0000] {dagbag.py:588} INFO - Filling up the DagBag from /opt/airflow/dags/pipeline.py
[2024-10-14T23:25:56.671+0000] {logging_mixin.py:190} INFO - [2024-10-14T23:25:56.663+0000] {dagbag.py:387} ERROR - Failed to import: /opt/airflow/dags/pipeline.py
Traceback (most recent call last):
  File "/home/airflow/.local/lib/python3.12/site-packages/airflow/models/dagbag.py", line 383, in parse
    loader.exec_module(new_module)
  File "<frozen importlib._bootstrap_external>", line 995, in exec_module
  File "<frozen importlib._bootstrap>", line 488, in _call_with_frames_removed
  File "/opt/airflow/dags/pipeline.py", line 1, in <module>
    from airflow.src.download import download_files_from_s3
ModuleNotFoundError: No module named 'airflow.src'
[2024-10-14T23:25:56.675+0000] {processor.py:927} WARNING - No viable dags retrieved from /opt/airflow/dags/pipeline.py
[2024-10-14T23:25:56.752+0000] {processor.py:208} INFO - Processing /opt/airflow/dags/pipeline.py took 0.124 seconds
[2024-10-14T23:26:27.945+0000] {processor.py:186} INFO - Started process (PID=145) to work on /opt/airflow/dags/pipeline.py
[2024-10-14T23:26:27.951+0000] {processor.py:914} INFO - Processing file /opt/airflow/dags/pipeline.py for tasks to queue
[2024-10-14T23:26:27.953+0000] {logging_mixin.py:190} INFO - [2024-10-14T23:26:27.953+0000] {dagbag.py:588} INFO - Filling up the DagBag from /opt/airflow/dags/pipeline.py
[2024-10-14T23:26:27.970+0000] {logging_mixin.py:190} INFO - [2024-10-14T23:26:27.967+0000] {dagbag.py:387} ERROR - Failed to import: /opt/airflow/dags/pipeline.py
Traceback (most recent call last):
  File "/home/airflow/.local/lib/python3.12/site-packages/airflow/models/dagbag.py", line 383, in parse
    loader.exec_module(new_module)
  File "<frozen importlib._bootstrap_external>", line 995, in exec_module
  File "<frozen importlib._bootstrap>", line 488, in _call_with_frames_removed
  File "/opt/airflow/dags/pipeline.py", line 1, in <module>
    from airflow.src.download import download_files_from_s3
ModuleNotFoundError: No module named 'airflow.src'
[2024-10-14T23:26:27.971+0000] {processor.py:927} WARNING - No viable dags retrieved from /opt/airflow/dags/pipeline.py
[2024-10-14T23:26:28.028+0000] {processor.py:208} INFO - Processing /opt/airflow/dags/pipeline.py took 0.090 seconds
[2024-10-14T23:26:59.896+0000] {processor.py:186} INFO - Started process (PID=146) to work on /opt/airflow/dags/pipeline.py
[2024-10-14T23:26:59.906+0000] {processor.py:914} INFO - Processing file /opt/airflow/dags/pipeline.py for tasks to queue
[2024-10-14T23:26:59.909+0000] {logging_mixin.py:190} INFO - [2024-10-14T23:26:59.908+0000] {dagbag.py:588} INFO - Filling up the DagBag from /opt/airflow/dags/pipeline.py
[2024-10-14T23:26:59.937+0000] {logging_mixin.py:190} INFO - [2024-10-14T23:26:59.932+0000] {dagbag.py:387} ERROR - Failed to import: /opt/airflow/dags/pipeline.py
Traceback (most recent call last):
  File "/home/airflow/.local/lib/python3.12/site-packages/airflow/models/dagbag.py", line 383, in parse
    loader.exec_module(new_module)
  File "<frozen importlib._bootstrap_external>", line 995, in exec_module
  File "<frozen importlib._bootstrap>", line 488, in _call_with_frames_removed
  File "/opt/airflow/dags/pipeline.py", line 1, in <module>
    from airflow.src.download import download_files_from_s3
ModuleNotFoundError: No module named 'airflow.src'
[2024-10-14T23:26:59.939+0000] {processor.py:927} WARNING - No viable dags retrieved from /opt/airflow/dags/pipeline.py
[2024-10-14T23:27:00.009+0000] {processor.py:208} INFO - Processing /opt/airflow/dags/pipeline.py took 0.119 seconds
[2024-10-14T23:27:31.222+0000] {processor.py:186} INFO - Started process (PID=147) to work on /opt/airflow/dags/pipeline.py
[2024-10-14T23:27:31.242+0000] {processor.py:914} INFO - Processing file /opt/airflow/dags/pipeline.py for tasks to queue
[2024-10-14T23:27:31.244+0000] {logging_mixin.py:190} INFO - [2024-10-14T23:27:31.243+0000] {dagbag.py:588} INFO - Filling up the DagBag from /opt/airflow/dags/pipeline.py
[2024-10-14T23:27:31.553+0000] {logging_mixin.py:190} INFO - [2024-10-14T23:27:31.548+0000] {dagbag.py:387} ERROR - Failed to import: /opt/airflow/dags/pipeline.py
Traceback (most recent call last):
  File "/home/airflow/.local/lib/python3.12/site-packages/airflow/models/dagbag.py", line 383, in parse
    loader.exec_module(new_module)
  File "<frozen importlib._bootstrap_external>", line 995, in exec_module
  File "<frozen importlib._bootstrap>", line 488, in _call_with_frames_removed
  File "/opt/airflow/dags/pipeline.py", line 1, in <module>
    from airflow.src.download import download_files_from_s3
ModuleNotFoundError: No module named 'airflow.src'
[2024-10-14T23:27:31.601+0000] {processor.py:927} WARNING - No viable dags retrieved from /opt/airflow/dags/pipeline.py
[2024-10-14T23:27:32.623+0000] {processor.py:208} INFO - Processing /opt/airflow/dags/pipeline.py took 1.407 seconds
[2024-10-14T23:27:57.414+0000] {processor.py:186} INFO - Started process (PID=148) to work on /opt/airflow/dags/pipeline.py
[2024-10-14T23:27:57.418+0000] {processor.py:914} INFO - Processing file /opt/airflow/dags/pipeline.py for tasks to queue
[2024-10-14T23:27:57.421+0000] {logging_mixin.py:190} INFO - [2024-10-14T23:27:57.421+0000] {dagbag.py:588} INFO - Filling up the DagBag from /opt/airflow/dags/pipeline.py
[2024-10-14T23:27:57.487+0000] {logging_mixin.py:190} INFO - [2024-10-14T23:27:57.458+0000] {dagbag.py:387} ERROR - Failed to import: /opt/airflow/dags/pipeline.py
Traceback (most recent call last):
  File "/home/airflow/.local/lib/python3.12/site-packages/airflow/models/dagbag.py", line 383, in parse
    loader.exec_module(new_module)
  File "<frozen importlib._bootstrap_external>", line 995, in exec_module
  File "<frozen importlib._bootstrap>", line 488, in _call_with_frames_removed
  File "/opt/airflow/dags/pipeline.py", line 1, in <module>
    from airflow.src.download import download_files_from_s3
ModuleNotFoundError: No module named 'airflow.src'
[2024-10-14T23:27:57.489+0000] {logging_mixin.py:190} WARNING - /opt/airflow/dags/pipeline.py:36 SyntaxWarning: invalid escape sequence '\P'
[2024-10-14T23:27:57.490+0000] {logging_mixin.py:190} WARNING - /opt/airflow/dags/pipeline.py:37 SyntaxWarning: invalid escape sequence '\P'
[2024-10-14T23:27:57.491+0000] {processor.py:927} WARNING - No viable dags retrieved from /opt/airflow/dags/pipeline.py
[2024-10-14T23:27:57.576+0000] {processor.py:208} INFO - Processing /opt/airflow/dags/pipeline.py took 0.168 seconds
[2024-10-14T23:28:26.124+0000] {processor.py:186} INFO - Started process (PID=149) to work on /opt/airflow/dags/pipeline.py
[2024-10-14T23:28:26.137+0000] {processor.py:914} INFO - Processing file /opt/airflow/dags/pipeline.py for tasks to queue
[2024-10-14T23:28:26.138+0000] {logging_mixin.py:190} INFO - [2024-10-14T23:28:26.138+0000] {dagbag.py:588} INFO - Filling up the DagBag from /opt/airflow/dags/pipeline.py
[2024-10-14T23:28:26.184+0000] {logging_mixin.py:190} INFO - [2024-10-14T23:28:26.176+0000] {dagbag.py:387} ERROR - Failed to import: /opt/airflow/dags/pipeline.py
Traceback (most recent call last):
  File "/home/airflow/.local/lib/python3.12/site-packages/airflow/models/dagbag.py", line 383, in parse
    loader.exec_module(new_module)
  File "<frozen importlib._bootstrap_external>", line 995, in exec_module
  File "<frozen importlib._bootstrap>", line 488, in _call_with_frames_removed
  File "/opt/airflow/dags/pipeline.py", line 1, in <module>
    from src.download import download_files_from_s3
ModuleNotFoundError: No module named 'src'
[2024-10-14T23:28:26.186+0000] {logging_mixin.py:190} WARNING - /opt/airflow/dags/pipeline.py:36 SyntaxWarning: invalid escape sequence '\P'
[2024-10-14T23:28:26.187+0000] {logging_mixin.py:190} WARNING - /opt/airflow/dags/pipeline.py:37 SyntaxWarning: invalid escape sequence '\P'
[2024-10-14T23:28:26.188+0000] {processor.py:927} WARNING - No viable dags retrieved from /opt/airflow/dags/pipeline.py
[2024-10-14T23:28:26.252+0000] {processor.py:208} INFO - Processing /opt/airflow/dags/pipeline.py took 0.146 seconds
[2024-10-14T23:28:58.395+0000] {processor.py:186} INFO - Started process (PID=150) to work on /opt/airflow/dags/pipeline.py
[2024-10-14T23:28:58.451+0000] {processor.py:914} INFO - Processing file /opt/airflow/dags/pipeline.py for tasks to queue
[2024-10-14T23:28:58.453+0000] {logging_mixin.py:190} INFO - [2024-10-14T23:28:58.452+0000] {dagbag.py:588} INFO - Filling up the DagBag from /opt/airflow/dags/pipeline.py
[2024-10-14T23:28:58.504+0000] {logging_mixin.py:190} INFO - [2024-10-14T23:28:58.487+0000] {dagbag.py:387} ERROR - Failed to import: /opt/airflow/dags/pipeline.py
Traceback (most recent call last):
  File "/home/airflow/.local/lib/python3.12/site-packages/airflow/models/dagbag.py", line 383, in parse
    loader.exec_module(new_module)
  File "<frozen importlib._bootstrap_external>", line 995, in exec_module
  File "<frozen importlib._bootstrap>", line 488, in _call_with_frames_removed
  File "/opt/airflow/dags/pipeline.py", line 1, in <module>
    from src.download import download_files_from_s3
ModuleNotFoundError: No module named 'src'
[2024-10-14T23:28:58.506+0000] {processor.py:927} WARNING - No viable dags retrieved from /opt/airflow/dags/pipeline.py
[2024-10-14T23:28:59.309+0000] {processor.py:208} INFO - Processing /opt/airflow/dags/pipeline.py took 0.920 seconds
[2024-10-14T23:29:30.439+0000] {processor.py:186} INFO - Started process (PID=151) to work on /opt/airflow/dags/pipeline.py
[2024-10-14T23:29:30.440+0000] {processor.py:914} INFO - Processing file /opt/airflow/dags/pipeline.py for tasks to queue
[2024-10-14T23:29:30.441+0000] {logging_mixin.py:190} INFO - [2024-10-14T23:29:30.441+0000] {dagbag.py:588} INFO - Filling up the DagBag from /opt/airflow/dags/pipeline.py
[2024-10-14T23:29:30.469+0000] {logging_mixin.py:190} INFO - [2024-10-14T23:29:30.466+0000] {dagbag.py:387} ERROR - Failed to import: /opt/airflow/dags/pipeline.py
Traceback (most recent call last):
  File "/home/airflow/.local/lib/python3.12/site-packages/airflow/models/dagbag.py", line 383, in parse
    loader.exec_module(new_module)
  File "<frozen importlib._bootstrap_external>", line 995, in exec_module
  File "<frozen importlib._bootstrap>", line 488, in _call_with_frames_removed
  File "/opt/airflow/dags/pipeline.py", line 1, in <module>
    from src.download import download_files_from_s3
ModuleNotFoundError: No module named 'src'
[2024-10-14T23:29:30.471+0000] {processor.py:927} WARNING - No viable dags retrieved from /opt/airflow/dags/pipeline.py
[2024-10-14T23:29:30.535+0000] {processor.py:208} INFO - Processing /opt/airflow/dags/pipeline.py took 0.100 seconds
[2024-10-14T23:30:01.693+0000] {processor.py:186} INFO - Started process (PID=152) to work on /opt/airflow/dags/pipeline.py
[2024-10-14T23:30:01.694+0000] {processor.py:914} INFO - Processing file /opt/airflow/dags/pipeline.py for tasks to queue
[2024-10-14T23:30:01.695+0000] {logging_mixin.py:190} INFO - [2024-10-14T23:30:01.695+0000] {dagbag.py:588} INFO - Filling up the DagBag from /opt/airflow/dags/pipeline.py
[2024-10-14T23:30:01.710+0000] {logging_mixin.py:190} INFO - [2024-10-14T23:30:01.706+0000] {dagbag.py:387} ERROR - Failed to import: /opt/airflow/dags/pipeline.py
Traceback (most recent call last):
  File "/home/airflow/.local/lib/python3.12/site-packages/airflow/models/dagbag.py", line 383, in parse
    loader.exec_module(new_module)
  File "<frozen importlib._bootstrap_external>", line 995, in exec_module
  File "<frozen importlib._bootstrap>", line 488, in _call_with_frames_removed
  File "/opt/airflow/dags/pipeline.py", line 1, in <module>
    from src.download import download_files_from_s3
ModuleNotFoundError: No module named 'src'
[2024-10-14T23:30:01.711+0000] {processor.py:927} WARNING - No viable dags retrieved from /opt/airflow/dags/pipeline.py
[2024-10-14T23:30:01.770+0000] {processor.py:208} INFO - Processing /opt/airflow/dags/pipeline.py took 0.082 seconds
[2024-10-14T23:30:32.956+0000] {processor.py:186} INFO - Started process (PID=153) to work on /opt/airflow/dags/pipeline.py
[2024-10-14T23:30:32.957+0000] {processor.py:914} INFO - Processing file /opt/airflow/dags/pipeline.py for tasks to queue
[2024-10-14T23:30:32.958+0000] {logging_mixin.py:190} INFO - [2024-10-14T23:30:32.958+0000] {dagbag.py:588} INFO - Filling up the DagBag from /opt/airflow/dags/pipeline.py
[2024-10-14T23:30:32.985+0000] {logging_mixin.py:190} INFO - [2024-10-14T23:30:32.981+0000] {dagbag.py:387} ERROR - Failed to import: /opt/airflow/dags/pipeline.py
Traceback (most recent call last):
  File "/home/airflow/.local/lib/python3.12/site-packages/airflow/models/dagbag.py", line 383, in parse
    loader.exec_module(new_module)
  File "<frozen importlib._bootstrap_external>", line 995, in exec_module
  File "<frozen importlib._bootstrap>", line 488, in _call_with_frames_removed
  File "/opt/airflow/dags/pipeline.py", line 1, in <module>
    from src.download import download_files_from_s3
ModuleNotFoundError: No module named 'src'
[2024-10-14T23:30:32.987+0000] {processor.py:927} WARNING - No viable dags retrieved from /opt/airflow/dags/pipeline.py
[2024-10-14T23:30:33.054+0000] {processor.py:208} INFO - Processing /opt/airflow/dags/pipeline.py took 0.103 seconds
[2024-10-14T23:31:03.510+0000] {processor.py:186} INFO - Started process (PID=154) to work on /opt/airflow/dags/pipeline.py
[2024-10-14T23:31:03.511+0000] {processor.py:914} INFO - Processing file /opt/airflow/dags/pipeline.py for tasks to queue
[2024-10-14T23:31:03.512+0000] {logging_mixin.py:190} INFO - [2024-10-14T23:31:03.512+0000] {dagbag.py:588} INFO - Filling up the DagBag from /opt/airflow/dags/pipeline.py
[2024-10-14T23:31:03.531+0000] {logging_mixin.py:190} INFO - [2024-10-14T23:31:03.526+0000] {dagbag.py:387} ERROR - Failed to import: /opt/airflow/dags/pipeline.py
Traceback (most recent call last):
  File "/home/airflow/.local/lib/python3.12/site-packages/airflow/models/dagbag.py", line 383, in parse
    loader.exec_module(new_module)
  File "<frozen importlib._bootstrap_external>", line 995, in exec_module
  File "<frozen importlib._bootstrap>", line 488, in _call_with_frames_removed
  File "/opt/airflow/dags/pipeline.py", line 1, in <module>
    from src.download import download_files_from_s3
ModuleNotFoundError: No module named 'src'
[2024-10-14T23:31:03.533+0000] {processor.py:927} WARNING - No viable dags retrieved from /opt/airflow/dags/pipeline.py
[2024-10-14T23:31:03.579+0000] {processor.py:208} INFO - Processing /opt/airflow/dags/pipeline.py took 0.075 seconds
[2024-10-14T23:31:34.410+0000] {processor.py:186} INFO - Started process (PID=155) to work on /opt/airflow/dags/pipeline.py
[2024-10-14T23:31:34.413+0000] {processor.py:914} INFO - Processing file /opt/airflow/dags/pipeline.py for tasks to queue
[2024-10-14T23:31:34.418+0000] {logging_mixin.py:190} INFO - [2024-10-14T23:31:34.418+0000] {dagbag.py:588} INFO - Filling up the DagBag from /opt/airflow/dags/pipeline.py
[2024-10-14T23:31:34.462+0000] {logging_mixin.py:190} INFO - [2024-10-14T23:31:34.455+0000] {dagbag.py:387} ERROR - Failed to import: /opt/airflow/dags/pipeline.py
Traceback (most recent call last):
  File "/home/airflow/.local/lib/python3.12/site-packages/airflow/models/dagbag.py", line 383, in parse
    loader.exec_module(new_module)
  File "<frozen importlib._bootstrap_external>", line 995, in exec_module
  File "<frozen importlib._bootstrap>", line 488, in _call_with_frames_removed
  File "/opt/airflow/dags/pipeline.py", line 1, in <module>
    from src.download import download_files_from_s3
ModuleNotFoundError: No module named 'src'
[2024-10-14T23:31:34.464+0000] {processor.py:927} WARNING - No viable dags retrieved from /opt/airflow/dags/pipeline.py
[2024-10-14T23:31:34.541+0000] {processor.py:208} INFO - Processing /opt/airflow/dags/pipeline.py took 0.136 seconds
[2024-10-14T23:42:03.657+0000] {processor.py:186} INFO - Started process (PID=33) to work on /opt/airflow/src/dags/pipeline.py
[2024-10-14T23:42:03.658+0000] {processor.py:914} INFO - Processing file /opt/airflow/src/dags/pipeline.py for tasks to queue
[2024-10-14T23:42:03.661+0000] {logging_mixin.py:190} INFO - [2024-10-14T23:42:03.661+0000] {dagbag.py:588} INFO - Filling up the DagBag from /opt/airflow/src/dags/pipeline.py
[2024-10-14T23:42:03.696+0000] {logging_mixin.py:190} INFO - [2024-10-14T23:42:03.690+0000] {dagbag.py:387} ERROR - Failed to import: /opt/airflow/src/dags/pipeline.py
Traceback (most recent call last):
  File "/home/airflow/.local/lib/python3.12/site-packages/airflow/models/dagbag.py", line 383, in parse
    loader.exec_module(new_module)
  File "<frozen importlib._bootstrap_external>", line 995, in exec_module
  File "<frozen importlib._bootstrap>", line 488, in _call_with_frames_removed
  File "/opt/airflow/src/dags/pipeline.py", line 1, in <module>
    from src.download import download_files_from_s3
ModuleNotFoundError: No module named 'src'
[2024-10-14T23:42:03.699+0000] {processor.py:927} WARNING - No viable dags retrieved from /opt/airflow/src/dags/pipeline.py
[2024-10-14T23:42:03.780+0000] {processor.py:208} INFO - Processing /opt/airflow/src/dags/pipeline.py took 0.129 seconds
