[2024-10-14T22:54:32.202+0000] {processor.py:186} INFO - Started process (PID=48) to work on /opt/airflow/dags/welcome_dag.py
[2024-10-14T22:54:32.213+0000] {processor.py:914} INFO - Processing file /opt/airflow/dags/welcome_dag.py for tasks to queue
[2024-10-14T22:54:32.217+0000] {logging_mixin.py:190} INFO - [2024-10-14T22:54:32.216+0000] {dagbag.py:588} INFO - Filling up the DagBag from /opt/airflow/dags/welcome_dag.py
[2024-10-14T22:54:32.496+0000] {processor.py:925} INFO - DAG(s) 'welcome_dag' retrieved from /opt/airflow/dags/welcome_dag.py
[2024-10-14T22:54:32.790+0000] {logging_mixin.py:190} INFO - [2024-10-14T22:54:32.790+0000] {override.py:1900} INFO - Created Permission View: can edit on DAG:welcome_dag
[2024-10-14T22:54:33.039+0000] {logging_mixin.py:190} INFO - [2024-10-14T22:54:33.038+0000] {override.py:1900} INFO - Created Permission View: can read on DAG:welcome_dag
[2024-10-14T22:54:33.087+0000] {logging_mixin.py:190} INFO - [2024-10-14T22:54:33.087+0000] {override.py:1900} INFO - Created Permission View: can delete on DAG:welcome_dag
[2024-10-14T22:54:33.149+0000] {logging_mixin.py:190} INFO - [2024-10-14T22:54:33.148+0000] {override.py:1900} INFO - Created Permission View: menu access on DAG Run:welcome_dag
[2024-10-14T22:54:33.188+0000] {logging_mixin.py:190} INFO - [2024-10-14T22:54:33.187+0000] {override.py:1900} INFO - Created Permission View: can read on DAG Run:welcome_dag
[2024-10-14T22:54:33.221+0000] {logging_mixin.py:190} INFO - [2024-10-14T22:54:33.220+0000] {override.py:1900} INFO - Created Permission View: can create on DAG Run:welcome_dag
[2024-10-14T22:54:33.270+0000] {logging_mixin.py:190} INFO - [2024-10-14T22:54:33.269+0000] {override.py:1900} INFO - Created Permission View: can delete on DAG Run:welcome_dag
[2024-10-14T22:54:33.271+0000] {logging_mixin.py:190} INFO - [2024-10-14T22:54:33.270+0000] {dag.py:3239} INFO - Sync 1 DAGs
[2024-10-14T22:54:33.295+0000] {logging_mixin.py:190} INFO - [2024-10-14T22:54:33.295+0000] {dag.py:3262} INFO - Creating ORM DAG for welcome_dag
[2024-10-14T22:54:33.319+0000] {logging_mixin.py:190} INFO - [2024-10-14T22:54:33.319+0000] {dag.py:4180} INFO - Setting next_dagrun for welcome_dag to 2024-10-13 23:00:00+00:00, run_after=2024-10-14 23:00:00+00:00
[2024-10-14T22:54:33.391+0000] {processor.py:208} INFO - Processing /opt/airflow/dags/welcome_dag.py took 1.201 seconds
[2024-10-14T22:55:04.162+0000] {processor.py:186} INFO - Started process (PID=49) to work on /opt/airflow/dags/welcome_dag.py
[2024-10-14T22:55:04.163+0000] {processor.py:914} INFO - Processing file /opt/airflow/dags/welcome_dag.py for tasks to queue
[2024-10-14T22:55:04.167+0000] {logging_mixin.py:190} INFO - [2024-10-14T22:55:04.167+0000] {dagbag.py:588} INFO - Filling up the DagBag from /opt/airflow/dags/welcome_dag.py
[2024-10-14T22:55:04.211+0000] {processor.py:925} INFO - DAG(s) 'welcome_dag' retrieved from /opt/airflow/dags/welcome_dag.py
[2024-10-14T22:55:04.244+0000] {logging_mixin.py:190} INFO - [2024-10-14T22:55:04.243+0000] {dag.py:3239} INFO - Sync 1 DAGs
[2024-10-14T22:55:04.269+0000] {logging_mixin.py:190} INFO - [2024-10-14T22:55:04.269+0000] {dag.py:4180} INFO - Setting next_dagrun for welcome_dag to 2024-10-13 23:00:00+00:00, run_after=2024-10-14 23:00:00+00:00
[2024-10-14T22:55:04.330+0000] {processor.py:208} INFO - Processing /opt/airflow/dags/welcome_dag.py took 0.178 seconds
[2024-10-14T22:55:34.653+0000] {processor.py:186} INFO - Started process (PID=50) to work on /opt/airflow/dags/welcome_dag.py
[2024-10-14T22:55:34.654+0000] {processor.py:914} INFO - Processing file /opt/airflow/dags/welcome_dag.py for tasks to queue
[2024-10-14T22:55:34.660+0000] {logging_mixin.py:190} INFO - [2024-10-14T22:55:34.659+0000] {dagbag.py:588} INFO - Filling up the DagBag from /opt/airflow/dags/welcome_dag.py
[2024-10-14T22:55:34.707+0000] {processor.py:925} INFO - DAG(s) 'welcome_dag' retrieved from /opt/airflow/dags/welcome_dag.py
[2024-10-14T22:55:34.743+0000] {logging_mixin.py:190} INFO - [2024-10-14T22:55:34.743+0000] {dag.py:3239} INFO - Sync 1 DAGs
[2024-10-14T22:55:34.773+0000] {logging_mixin.py:190} INFO - [2024-10-14T22:55:34.772+0000] {dag.py:4180} INFO - Setting next_dagrun for welcome_dag to 2024-10-13 23:00:00+00:00, run_after=2024-10-14 23:00:00+00:00
[2024-10-14T22:55:34.853+0000] {processor.py:208} INFO - Processing /opt/airflow/dags/welcome_dag.py took 0.210 seconds
[2024-10-14T22:56:05.511+0000] {processor.py:186} INFO - Started process (PID=63) to work on /opt/airflow/dags/welcome_dag.py
[2024-10-14T22:56:05.515+0000] {processor.py:914} INFO - Processing file /opt/airflow/dags/welcome_dag.py for tasks to queue
[2024-10-14T22:56:05.520+0000] {logging_mixin.py:190} INFO - [2024-10-14T22:56:05.519+0000] {dagbag.py:588} INFO - Filling up the DagBag from /opt/airflow/dags/welcome_dag.py
[2024-10-14T22:56:05.552+0000] {processor.py:925} INFO - DAG(s) 'welcome_dag' retrieved from /opt/airflow/dags/welcome_dag.py
[2024-10-14T22:56:05.589+0000] {logging_mixin.py:190} INFO - [2024-10-14T22:56:05.589+0000] {dag.py:3239} INFO - Sync 1 DAGs
[2024-10-14T22:56:05.632+0000] {logging_mixin.py:190} INFO - [2024-10-14T22:56:05.632+0000] {dag.py:4180} INFO - Setting next_dagrun for welcome_dag to 2024-10-13 23:00:00+00:00, run_after=2024-10-14 23:00:00+00:00
[2024-10-14T22:56:05.693+0000] {processor.py:208} INFO - Processing /opt/airflow/dags/welcome_dag.py took 0.186 seconds
[2024-10-14T22:56:36.423+0000] {processor.py:186} INFO - Started process (PID=64) to work on /opt/airflow/dags/welcome_dag.py
[2024-10-14T22:56:36.424+0000] {processor.py:914} INFO - Processing file /opt/airflow/dags/welcome_dag.py for tasks to queue
[2024-10-14T22:56:36.428+0000] {logging_mixin.py:190} INFO - [2024-10-14T22:56:36.427+0000] {dagbag.py:588} INFO - Filling up the DagBag from /opt/airflow/dags/welcome_dag.py
[2024-10-14T22:56:36.456+0000] {processor.py:925} INFO - DAG(s) 'welcome_dag' retrieved from /opt/airflow/dags/welcome_dag.py
[2024-10-14T22:56:36.481+0000] {logging_mixin.py:190} INFO - [2024-10-14T22:56:36.481+0000] {dag.py:3239} INFO - Sync 1 DAGs
[2024-10-14T22:56:36.514+0000] {logging_mixin.py:190} INFO - [2024-10-14T22:56:36.514+0000] {dag.py:4180} INFO - Setting next_dagrun for welcome_dag to 2024-10-13 23:00:00+00:00, run_after=2024-10-14 23:00:00+00:00
[2024-10-14T22:56:36.585+0000] {processor.py:208} INFO - Processing /opt/airflow/dags/welcome_dag.py took 0.168 seconds
[2024-10-14T22:57:07.488+0000] {processor.py:186} INFO - Started process (PID=65) to work on /opt/airflow/dags/welcome_dag.py
[2024-10-14T22:57:07.490+0000] {processor.py:914} INFO - Processing file /opt/airflow/dags/welcome_dag.py for tasks to queue
[2024-10-14T22:57:07.494+0000] {logging_mixin.py:190} INFO - [2024-10-14T22:57:07.493+0000] {dagbag.py:588} INFO - Filling up the DagBag from /opt/airflow/dags/welcome_dag.py
[2024-10-14T22:57:07.528+0000] {processor.py:925} INFO - DAG(s) 'welcome_dag' retrieved from /opt/airflow/dags/welcome_dag.py
[2024-10-14T22:57:07.557+0000] {logging_mixin.py:190} INFO - [2024-10-14T22:57:07.557+0000] {dag.py:3239} INFO - Sync 1 DAGs
[2024-10-14T22:57:07.583+0000] {logging_mixin.py:190} INFO - [2024-10-14T22:57:07.583+0000] {dag.py:4180} INFO - Setting next_dagrun for welcome_dag to 2024-10-13 23:00:00+00:00, run_after=2024-10-14 23:00:00+00:00
[2024-10-14T22:57:07.635+0000] {processor.py:208} INFO - Processing /opt/airflow/dags/welcome_dag.py took 0.155 seconds
[2024-10-14T22:57:38.464+0000] {processor.py:186} INFO - Started process (PID=66) to work on /opt/airflow/dags/welcome_dag.py
[2024-10-14T22:57:38.466+0000] {processor.py:914} INFO - Processing file /opt/airflow/dags/welcome_dag.py for tasks to queue
[2024-10-14T22:57:38.473+0000] {logging_mixin.py:190} INFO - [2024-10-14T22:57:38.472+0000] {dagbag.py:588} INFO - Filling up the DagBag from /opt/airflow/dags/welcome_dag.py
[2024-10-14T22:57:38.498+0000] {processor.py:925} INFO - DAG(s) 'welcome_dag' retrieved from /opt/airflow/dags/welcome_dag.py
[2024-10-14T22:57:38.531+0000] {logging_mixin.py:190} INFO - [2024-10-14T22:57:38.530+0000] {dag.py:3239} INFO - Sync 1 DAGs
[2024-10-14T22:57:38.572+0000] {logging_mixin.py:190} INFO - [2024-10-14T22:57:38.571+0000] {dag.py:4180} INFO - Setting next_dagrun for welcome_dag to 2024-10-13 23:00:00+00:00, run_after=2024-10-14 23:00:00+00:00
[2024-10-14T22:57:38.647+0000] {processor.py:208} INFO - Processing /opt/airflow/dags/welcome_dag.py took 0.190 seconds
[2024-10-14T22:58:09.904+0000] {processor.py:186} INFO - Started process (PID=67) to work on /opt/airflow/dags/welcome_dag.py
[2024-10-14T22:58:09.910+0000] {processor.py:914} INFO - Processing file /opt/airflow/dags/welcome_dag.py for tasks to queue
[2024-10-14T22:58:09.913+0000] {logging_mixin.py:190} INFO - [2024-10-14T22:58:09.913+0000] {dagbag.py:588} INFO - Filling up the DagBag from /opt/airflow/dags/welcome_dag.py
[2024-10-14T22:58:09.935+0000] {processor.py:925} INFO - DAG(s) 'welcome_dag' retrieved from /opt/airflow/dags/welcome_dag.py
[2024-10-14T22:58:09.973+0000] {logging_mixin.py:190} INFO - [2024-10-14T22:58:09.972+0000] {dag.py:3239} INFO - Sync 1 DAGs
[2024-10-14T22:58:10.000+0000] {logging_mixin.py:190} INFO - [2024-10-14T22:58:10.000+0000] {dag.py:4180} INFO - Setting next_dagrun for welcome_dag to 2024-10-13 23:00:00+00:00, run_after=2024-10-14 23:00:00+00:00
[2024-10-14T22:58:10.067+0000] {processor.py:208} INFO - Processing /opt/airflow/dags/welcome_dag.py took 0.170 seconds
[2024-10-14T22:58:41.121+0000] {processor.py:186} INFO - Started process (PID=68) to work on /opt/airflow/dags/welcome_dag.py
[2024-10-14T22:58:41.122+0000] {processor.py:914} INFO - Processing file /opt/airflow/dags/welcome_dag.py for tasks to queue
[2024-10-14T22:58:41.126+0000] {logging_mixin.py:190} INFO - [2024-10-14T22:58:41.126+0000] {dagbag.py:588} INFO - Filling up the DagBag from /opt/airflow/dags/welcome_dag.py
[2024-10-14T22:58:41.148+0000] {processor.py:925} INFO - DAG(s) 'welcome_dag' retrieved from /opt/airflow/dags/welcome_dag.py
[2024-10-14T22:58:41.177+0000] {logging_mixin.py:190} INFO - [2024-10-14T22:58:41.177+0000] {dag.py:3239} INFO - Sync 1 DAGs
[2024-10-14T22:58:41.202+0000] {logging_mixin.py:190} INFO - [2024-10-14T22:58:41.201+0000] {dag.py:4180} INFO - Setting next_dagrun for welcome_dag to 2024-10-13 23:00:00+00:00, run_after=2024-10-14 23:00:00+00:00
[2024-10-14T22:58:41.286+0000] {processor.py:208} INFO - Processing /opt/airflow/dags/welcome_dag.py took 0.169 seconds
[2024-10-14T22:59:12.358+0000] {processor.py:186} INFO - Started process (PID=69) to work on /opt/airflow/dags/welcome_dag.py
[2024-10-14T22:59:12.359+0000] {processor.py:914} INFO - Processing file /opt/airflow/dags/welcome_dag.py for tasks to queue
[2024-10-14T22:59:12.361+0000] {logging_mixin.py:190} INFO - [2024-10-14T22:59:12.361+0000] {dagbag.py:588} INFO - Filling up the DagBag from /opt/airflow/dags/welcome_dag.py
[2024-10-14T22:59:12.397+0000] {processor.py:925} INFO - DAG(s) 'welcome_dag' retrieved from /opt/airflow/dags/welcome_dag.py
[2024-10-14T22:59:12.433+0000] {logging_mixin.py:190} INFO - [2024-10-14T22:59:12.433+0000] {dag.py:3239} INFO - Sync 1 DAGs
[2024-10-14T22:59:12.463+0000] {logging_mixin.py:190} INFO - [2024-10-14T22:59:12.463+0000] {dag.py:4180} INFO - Setting next_dagrun for welcome_dag to 2024-10-13 23:00:00+00:00, run_after=2024-10-14 23:00:00+00:00
[2024-10-14T22:59:12.537+0000] {processor.py:208} INFO - Processing /opt/airflow/dags/welcome_dag.py took 0.185 seconds
[2024-10-14T22:59:42.827+0000] {processor.py:186} INFO - Started process (PID=70) to work on /opt/airflow/dags/welcome_dag.py
[2024-10-14T22:59:42.828+0000] {processor.py:914} INFO - Processing file /opt/airflow/dags/welcome_dag.py for tasks to queue
[2024-10-14T22:59:42.829+0000] {logging_mixin.py:190} INFO - [2024-10-14T22:59:42.829+0000] {dagbag.py:588} INFO - Filling up the DagBag from /opt/airflow/dags/welcome_dag.py
[2024-10-14T22:59:42.850+0000] {processor.py:925} INFO - DAG(s) 'welcome_dag' retrieved from /opt/airflow/dags/welcome_dag.py
[2024-10-14T22:59:42.876+0000] {logging_mixin.py:190} INFO - [2024-10-14T22:59:42.876+0000] {dag.py:3239} INFO - Sync 1 DAGs
[2024-10-14T22:59:42.900+0000] {logging_mixin.py:190} INFO - [2024-10-14T22:59:42.900+0000] {dag.py:4180} INFO - Setting next_dagrun for welcome_dag to 2024-10-13 23:00:00+00:00, run_after=2024-10-14 23:00:00+00:00
[2024-10-14T22:59:42.967+0000] {processor.py:208} INFO - Processing /opt/airflow/dags/welcome_dag.py took 0.145 seconds
[2024-10-14T23:00:16.996+0000] {processor.py:186} INFO - Started process (PID=83) to work on /opt/airflow/dags/welcome_dag.py
[2024-10-14T23:00:16.997+0000] {processor.py:914} INFO - Processing file /opt/airflow/dags/welcome_dag.py for tasks to queue
[2024-10-14T23:00:16.999+0000] {logging_mixin.py:190} INFO - [2024-10-14T23:00:16.999+0000] {dagbag.py:588} INFO - Filling up the DagBag from /opt/airflow/dags/welcome_dag.py
[2024-10-14T23:00:17.017+0000] {processor.py:925} INFO - DAG(s) 'welcome_dag' retrieved from /opt/airflow/dags/welcome_dag.py
[2024-10-14T23:00:17.041+0000] {logging_mixin.py:190} INFO - [2024-10-14T23:00:17.041+0000] {dag.py:3239} INFO - Sync 1 DAGs
[2024-10-14T23:00:17.070+0000] {logging_mixin.py:190} INFO - [2024-10-14T23:00:17.070+0000] {dag.py:4180} INFO - Setting next_dagrun for welcome_dag to 2024-10-14 23:00:00+00:00, run_after=2024-10-15 23:00:00+00:00
[2024-10-14T23:00:17.123+0000] {processor.py:208} INFO - Processing /opt/airflow/dags/welcome_dag.py took 0.130 seconds
[2024-10-14T23:00:47.351+0000] {processor.py:186} INFO - Started process (PID=84) to work on /opt/airflow/dags/welcome_dag.py
[2024-10-14T23:00:47.352+0000] {processor.py:914} INFO - Processing file /opt/airflow/dags/welcome_dag.py for tasks to queue
[2024-10-14T23:00:47.354+0000] {logging_mixin.py:190} INFO - [2024-10-14T23:00:47.354+0000] {dagbag.py:588} INFO - Filling up the DagBag from /opt/airflow/dags/welcome_dag.py
[2024-10-14T23:00:47.377+0000] {processor.py:925} INFO - DAG(s) 'welcome_dag' retrieved from /opt/airflow/dags/welcome_dag.py
[2024-10-14T23:00:47.414+0000] {logging_mixin.py:190} INFO - [2024-10-14T23:00:47.413+0000] {dag.py:3239} INFO - Sync 1 DAGs
[2024-10-14T23:00:47.441+0000] {logging_mixin.py:190} INFO - [2024-10-14T23:00:47.441+0000] {dag.py:4180} INFO - Setting next_dagrun for welcome_dag to 2024-10-14 23:00:00+00:00, run_after=2024-10-15 23:00:00+00:00
[2024-10-14T23:00:47.497+0000] {processor.py:208} INFO - Processing /opt/airflow/dags/welcome_dag.py took 0.150 seconds
[2024-10-14T23:01:17.625+0000] {processor.py:186} INFO - Started process (PID=85) to work on /opt/airflow/dags/welcome_dag.py
[2024-10-14T23:01:17.627+0000] {processor.py:914} INFO - Processing file /opt/airflow/dags/welcome_dag.py for tasks to queue
[2024-10-14T23:01:17.633+0000] {logging_mixin.py:190} INFO - [2024-10-14T23:01:17.632+0000] {dagbag.py:588} INFO - Filling up the DagBag from /opt/airflow/dags/welcome_dag.py
[2024-10-14T23:01:17.663+0000] {processor.py:925} INFO - DAG(s) 'welcome_dag' retrieved from /opt/airflow/dags/welcome_dag.py
[2024-10-14T23:01:17.690+0000] {logging_mixin.py:190} INFO - [2024-10-14T23:01:17.689+0000] {dag.py:3239} INFO - Sync 1 DAGs
[2024-10-14T23:01:17.713+0000] {logging_mixin.py:190} INFO - [2024-10-14T23:01:17.713+0000] {dag.py:4180} INFO - Setting next_dagrun for welcome_dag to 2024-10-14 23:00:00+00:00, run_after=2024-10-15 23:00:00+00:00
[2024-10-14T23:01:17.782+0000] {processor.py:208} INFO - Processing /opt/airflow/dags/welcome_dag.py took 0.166 seconds
[2024-10-14T23:01:48.121+0000] {processor.py:186} INFO - Started process (PID=86) to work on /opt/airflow/dags/welcome_dag.py
[2024-10-14T23:01:48.122+0000] {processor.py:914} INFO - Processing file /opt/airflow/dags/welcome_dag.py for tasks to queue
[2024-10-14T23:01:48.124+0000] {logging_mixin.py:190} INFO - [2024-10-14T23:01:48.123+0000] {dagbag.py:588} INFO - Filling up the DagBag from /opt/airflow/dags/welcome_dag.py
[2024-10-14T23:01:48.145+0000] {processor.py:925} INFO - DAG(s) 'welcome_dag' retrieved from /opt/airflow/dags/welcome_dag.py
[2024-10-14T23:01:48.172+0000] {logging_mixin.py:190} INFO - [2024-10-14T23:01:48.172+0000] {dag.py:3239} INFO - Sync 1 DAGs
[2024-10-14T23:01:48.195+0000] {logging_mixin.py:190} INFO - [2024-10-14T23:01:48.195+0000] {dag.py:4180} INFO - Setting next_dagrun for welcome_dag to 2024-10-14 23:00:00+00:00, run_after=2024-10-15 23:00:00+00:00
[2024-10-14T23:01:48.248+0000] {processor.py:208} INFO - Processing /opt/airflow/dags/welcome_dag.py took 0.134 seconds
[2024-10-14T23:02:18.558+0000] {processor.py:186} INFO - Started process (PID=87) to work on /opt/airflow/dags/welcome_dag.py
[2024-10-14T23:02:18.559+0000] {processor.py:914} INFO - Processing file /opt/airflow/dags/welcome_dag.py for tasks to queue
[2024-10-14T23:02:18.562+0000] {logging_mixin.py:190} INFO - [2024-10-14T23:02:18.562+0000] {dagbag.py:588} INFO - Filling up the DagBag from /opt/airflow/dags/welcome_dag.py
[2024-10-14T23:02:18.608+0000] {processor.py:925} INFO - DAG(s) 'welcome_dag' retrieved from /opt/airflow/dags/welcome_dag.py
[2024-10-14T23:02:18.651+0000] {logging_mixin.py:190} INFO - [2024-10-14T23:02:18.651+0000] {dag.py:3239} INFO - Sync 1 DAGs
[2024-10-14T23:02:18.694+0000] {logging_mixin.py:190} INFO - [2024-10-14T23:02:18.694+0000] {dag.py:4180} INFO - Setting next_dagrun for welcome_dag to 2024-10-14 23:00:00+00:00, run_after=2024-10-15 23:00:00+00:00
[2024-10-14T23:02:18.760+0000] {processor.py:208} INFO - Processing /opt/airflow/dags/welcome_dag.py took 0.212 seconds
[2024-10-14T23:02:49.170+0000] {processor.py:186} INFO - Started process (PID=88) to work on /opt/airflow/dags/welcome_dag.py
[2024-10-14T23:02:49.170+0000] {processor.py:914} INFO - Processing file /opt/airflow/dags/welcome_dag.py for tasks to queue
[2024-10-14T23:02:49.173+0000] {logging_mixin.py:190} INFO - [2024-10-14T23:02:49.172+0000] {dagbag.py:588} INFO - Filling up the DagBag from /opt/airflow/dags/welcome_dag.py
[2024-10-14T23:02:49.204+0000] {processor.py:925} INFO - DAG(s) 'welcome_dag' retrieved from /opt/airflow/dags/welcome_dag.py
[2024-10-14T23:02:49.242+0000] {logging_mixin.py:190} INFO - [2024-10-14T23:02:49.241+0000] {dag.py:3239} INFO - Sync 1 DAGs
[2024-10-14T23:02:49.277+0000] {logging_mixin.py:190} INFO - [2024-10-14T23:02:49.277+0000] {dag.py:4180} INFO - Setting next_dagrun for welcome_dag to 2024-10-14 23:00:00+00:00, run_after=2024-10-15 23:00:00+00:00
[2024-10-14T23:02:49.495+0000] {processor.py:208} INFO - Processing /opt/airflow/dags/welcome_dag.py took 0.330 seconds
[2024-10-14T23:03:19.874+0000] {processor.py:186} INFO - Started process (PID=89) to work on /opt/airflow/dags/welcome_dag.py
[2024-10-14T23:03:19.876+0000] {processor.py:914} INFO - Processing file /opt/airflow/dags/welcome_dag.py for tasks to queue
[2024-10-14T23:03:19.878+0000] {logging_mixin.py:190} INFO - [2024-10-14T23:03:19.878+0000] {dagbag.py:588} INFO - Filling up the DagBag from /opt/airflow/dags/welcome_dag.py
[2024-10-14T23:03:19.903+0000] {processor.py:925} INFO - DAG(s) 'welcome_dag' retrieved from /opt/airflow/dags/welcome_dag.py
[2024-10-14T23:03:19.934+0000] {logging_mixin.py:190} INFO - [2024-10-14T23:03:19.934+0000] {dag.py:3239} INFO - Sync 1 DAGs
[2024-10-14T23:03:19.962+0000] {logging_mixin.py:190} INFO - [2024-10-14T23:03:19.962+0000] {dag.py:4180} INFO - Setting next_dagrun for welcome_dag to 2024-10-14 23:00:00+00:00, run_after=2024-10-15 23:00:00+00:00
[2024-10-14T23:03:20.026+0000] {processor.py:208} INFO - Processing /opt/airflow/dags/welcome_dag.py took 0.157 seconds
[2024-10-14T23:03:50.382+0000] {processor.py:186} INFO - Started process (PID=90) to work on /opt/airflow/dags/welcome_dag.py
[2024-10-14T23:03:50.384+0000] {processor.py:914} INFO - Processing file /opt/airflow/dags/welcome_dag.py for tasks to queue
[2024-10-14T23:03:50.388+0000] {logging_mixin.py:190} INFO - [2024-10-14T23:03:50.388+0000] {dagbag.py:588} INFO - Filling up the DagBag from /opt/airflow/dags/welcome_dag.py
[2024-10-14T23:03:50.431+0000] {processor.py:925} INFO - DAG(s) 'welcome_dag' retrieved from /opt/airflow/dags/welcome_dag.py
[2024-10-14T23:03:50.509+0000] {logging_mixin.py:190} INFO - [2024-10-14T23:03:50.509+0000] {dag.py:3239} INFO - Sync 1 DAGs
[2024-10-14T23:03:50.536+0000] {logging_mixin.py:190} INFO - [2024-10-14T23:03:50.536+0000] {dag.py:4180} INFO - Setting next_dagrun for welcome_dag to 2024-10-14 23:00:00+00:00, run_after=2024-10-15 23:00:00+00:00
[2024-10-14T23:03:50.583+0000] {processor.py:208} INFO - Processing /opt/airflow/dags/welcome_dag.py took 0.209 seconds
[2024-10-14T23:04:20.959+0000] {processor.py:186} INFO - Started process (PID=91) to work on /opt/airflow/dags/welcome_dag.py
[2024-10-14T23:04:20.960+0000] {processor.py:914} INFO - Processing file /opt/airflow/dags/welcome_dag.py for tasks to queue
[2024-10-14T23:04:20.964+0000] {logging_mixin.py:190} INFO - [2024-10-14T23:04:20.964+0000] {dagbag.py:588} INFO - Filling up the DagBag from /opt/airflow/dags/welcome_dag.py
[2024-10-14T23:04:21.005+0000] {processor.py:925} INFO - DAG(s) 'welcome_dag' retrieved from /opt/airflow/dags/welcome_dag.py
[2024-10-14T23:04:21.042+0000] {logging_mixin.py:190} INFO - [2024-10-14T23:04:21.042+0000] {dag.py:3239} INFO - Sync 1 DAGs
[2024-10-14T23:04:21.091+0000] {logging_mixin.py:190} INFO - [2024-10-14T23:04:21.091+0000] {dag.py:4180} INFO - Setting next_dagrun for welcome_dag to 2024-10-14 23:00:00+00:00, run_after=2024-10-15 23:00:00+00:00
[2024-10-14T23:04:21.144+0000] {processor.py:208} INFO - Processing /opt/airflow/dags/welcome_dag.py took 0.196 seconds
[2024-10-14T23:04:52.326+0000] {processor.py:186} INFO - Started process (PID=92) to work on /opt/airflow/dags/welcome_dag.py
[2024-10-14T23:04:52.327+0000] {processor.py:914} INFO - Processing file /opt/airflow/dags/welcome_dag.py for tasks to queue
[2024-10-14T23:04:52.329+0000] {logging_mixin.py:190} INFO - [2024-10-14T23:04:52.329+0000] {dagbag.py:588} INFO - Filling up the DagBag from /opt/airflow/dags/welcome_dag.py
[2024-10-14T23:04:52.454+0000] {processor.py:925} INFO - DAG(s) 'welcome_dag' retrieved from /opt/airflow/dags/welcome_dag.py
[2024-10-14T23:04:52.557+0000] {logging_mixin.py:190} INFO - [2024-10-14T23:04:52.557+0000] {dag.py:3239} INFO - Sync 1 DAGs
[2024-10-14T23:04:52.625+0000] {logging_mixin.py:190} INFO - [2024-10-14T23:04:52.625+0000] {dag.py:4180} INFO - Setting next_dagrun for welcome_dag to 2024-10-14 23:00:00+00:00, run_after=2024-10-15 23:00:00+00:00
[2024-10-14T23:04:52.758+0000] {processor.py:208} INFO - Processing /opt/airflow/dags/welcome_dag.py took 0.439 seconds
[2024-10-14T23:05:25.796+0000] {processor.py:186} INFO - Started process (PID=93) to work on /opt/airflow/dags/welcome_dag.py
[2024-10-14T23:05:25.797+0000] {processor.py:914} INFO - Processing file /opt/airflow/dags/welcome_dag.py for tasks to queue
[2024-10-14T23:05:25.800+0000] {logging_mixin.py:190} INFO - [2024-10-14T23:05:25.799+0000] {dagbag.py:588} INFO - Filling up the DagBag from /opt/airflow/dags/welcome_dag.py
[2024-10-14T23:05:25.863+0000] {processor.py:925} INFO - DAG(s) 'welcome_dag' retrieved from /opt/airflow/dags/welcome_dag.py
[2024-10-14T23:05:26.038+0000] {logging_mixin.py:190} INFO - [2024-10-14T23:05:26.038+0000] {dag.py:3239} INFO - Sync 1 DAGs
[2024-10-14T23:05:26.248+0000] {logging_mixin.py:190} INFO - [2024-10-14T23:05:26.247+0000] {dag.py:4180} INFO - Setting next_dagrun for welcome_dag to 2024-10-14 23:00:00+00:00, run_after=2024-10-15 23:00:00+00:00
[2024-10-14T23:05:26.529+0000] {processor.py:208} INFO - Processing /opt/airflow/dags/welcome_dag.py took 0.740 seconds
[2024-10-14T23:05:57.130+0000] {processor.py:186} INFO - Started process (PID=94) to work on /opt/airflow/dags/welcome_dag.py
[2024-10-14T23:05:57.131+0000] {processor.py:914} INFO - Processing file /opt/airflow/dags/welcome_dag.py for tasks to queue
[2024-10-14T23:05:57.133+0000] {logging_mixin.py:190} INFO - [2024-10-14T23:05:57.133+0000] {dagbag.py:588} INFO - Filling up the DagBag from /opt/airflow/dags/welcome_dag.py
[2024-10-14T23:05:57.173+0000] {processor.py:925} INFO - DAG(s) 'welcome_dag' retrieved from /opt/airflow/dags/welcome_dag.py
[2024-10-14T23:05:57.204+0000] {logging_mixin.py:190} INFO - [2024-10-14T23:05:57.204+0000] {dag.py:3239} INFO - Sync 1 DAGs
[2024-10-14T23:05:57.249+0000] {logging_mixin.py:190} INFO - [2024-10-14T23:05:57.249+0000] {dag.py:4180} INFO - Setting next_dagrun for welcome_dag to 2024-10-14 23:00:00+00:00, run_after=2024-10-15 23:00:00+00:00
[2024-10-14T23:05:57.348+0000] {processor.py:208} INFO - Processing /opt/airflow/dags/welcome_dag.py took 0.222 seconds
[2024-10-14T23:06:27.498+0000] {processor.py:186} INFO - Started process (PID=95) to work on /opt/airflow/dags/welcome_dag.py
[2024-10-14T23:06:27.499+0000] {processor.py:914} INFO - Processing file /opt/airflow/dags/welcome_dag.py for tasks to queue
[2024-10-14T23:06:27.502+0000] {logging_mixin.py:190} INFO - [2024-10-14T23:06:27.502+0000] {dagbag.py:588} INFO - Filling up the DagBag from /opt/airflow/dags/welcome_dag.py
[2024-10-14T23:06:27.533+0000] {processor.py:925} INFO - DAG(s) 'welcome_dag' retrieved from /opt/airflow/dags/welcome_dag.py
[2024-10-14T23:06:27.566+0000] {logging_mixin.py:190} INFO - [2024-10-14T23:06:27.566+0000] {dag.py:3239} INFO - Sync 1 DAGs
[2024-10-14T23:06:27.596+0000] {logging_mixin.py:190} INFO - [2024-10-14T23:06:27.596+0000] {dag.py:4180} INFO - Setting next_dagrun for welcome_dag to 2024-10-14 23:00:00+00:00, run_after=2024-10-15 23:00:00+00:00
[2024-10-14T23:06:27.671+0000] {processor.py:208} INFO - Processing /opt/airflow/dags/welcome_dag.py took 0.177 seconds
[2024-10-14T23:06:59.083+0000] {processor.py:186} INFO - Started process (PID=96) to work on /opt/airflow/dags/welcome_dag.py
[2024-10-14T23:06:59.093+0000] {processor.py:914} INFO - Processing file /opt/airflow/dags/welcome_dag.py for tasks to queue
[2024-10-14T23:06:59.098+0000] {logging_mixin.py:190} INFO - [2024-10-14T23:06:59.097+0000] {dagbag.py:588} INFO - Filling up the DagBag from /opt/airflow/dags/welcome_dag.py
[2024-10-14T23:06:59.378+0000] {processor.py:925} INFO - DAG(s) 'welcome_dag' retrieved from /opt/airflow/dags/welcome_dag.py
[2024-10-14T23:06:59.431+0000] {logging_mixin.py:190} INFO - [2024-10-14T23:06:59.431+0000] {dag.py:3239} INFO - Sync 1 DAGs
[2024-10-14T23:06:59.506+0000] {logging_mixin.py:190} INFO - [2024-10-14T23:06:59.506+0000] {dag.py:4180} INFO - Setting next_dagrun for welcome_dag to 2024-10-14 23:00:00+00:00, run_after=2024-10-15 23:00:00+00:00
[2024-10-14T23:06:59.682+0000] {processor.py:208} INFO - Processing /opt/airflow/dags/welcome_dag.py took 0.606 seconds
[2024-10-14T23:07:29.861+0000] {processor.py:186} INFO - Started process (PID=97) to work on /opt/airflow/dags/welcome_dag.py
[2024-10-14T23:07:29.868+0000] {processor.py:914} INFO - Processing file /opt/airflow/dags/welcome_dag.py for tasks to queue
[2024-10-14T23:07:29.876+0000] {logging_mixin.py:190} INFO - [2024-10-14T23:07:29.875+0000] {dagbag.py:588} INFO - Filling up the DagBag from /opt/airflow/dags/welcome_dag.py
[2024-10-14T23:07:29.937+0000] {processor.py:925} INFO - DAG(s) 'welcome_dag' retrieved from /opt/airflow/dags/welcome_dag.py
[2024-10-14T23:07:30.038+0000] {logging_mixin.py:190} INFO - [2024-10-14T23:07:30.038+0000] {dag.py:3239} INFO - Sync 1 DAGs
[2024-10-14T23:07:30.079+0000] {logging_mixin.py:190} INFO - [2024-10-14T23:07:30.079+0000] {dag.py:4180} INFO - Setting next_dagrun for welcome_dag to 2024-10-14 23:00:00+00:00, run_after=2024-10-15 23:00:00+00:00
[2024-10-14T23:07:30.160+0000] {processor.py:208} INFO - Processing /opt/airflow/dags/welcome_dag.py took 0.305 seconds
[2024-10-14T23:08:00.491+0000] {processor.py:186} INFO - Started process (PID=98) to work on /opt/airflow/dags/welcome_dag.py
[2024-10-14T23:08:00.493+0000] {processor.py:914} INFO - Processing file /opt/airflow/dags/welcome_dag.py for tasks to queue
[2024-10-14T23:08:00.496+0000] {logging_mixin.py:190} INFO - [2024-10-14T23:08:00.496+0000] {dagbag.py:588} INFO - Filling up the DagBag from /opt/airflow/dags/welcome_dag.py
[2024-10-14T23:08:00.525+0000] {processor.py:925} INFO - DAG(s) 'welcome_dag' retrieved from /opt/airflow/dags/welcome_dag.py
[2024-10-14T23:08:00.557+0000] {logging_mixin.py:190} INFO - [2024-10-14T23:08:00.557+0000] {dag.py:3239} INFO - Sync 1 DAGs
[2024-10-14T23:08:00.594+0000] {logging_mixin.py:190} INFO - [2024-10-14T23:08:00.593+0000] {dag.py:4180} INFO - Setting next_dagrun for welcome_dag to 2024-10-14 23:00:00+00:00, run_after=2024-10-15 23:00:00+00:00
[2024-10-14T23:08:00.664+0000] {processor.py:208} INFO - Processing /opt/airflow/dags/welcome_dag.py took 0.177 seconds
[2024-10-14T23:08:31.622+0000] {processor.py:186} INFO - Started process (PID=99) to work on /opt/airflow/dags/welcome_dag.py
[2024-10-14T23:08:31.623+0000] {processor.py:914} INFO - Processing file /opt/airflow/dags/welcome_dag.py for tasks to queue
[2024-10-14T23:08:31.625+0000] {logging_mixin.py:190} INFO - [2024-10-14T23:08:31.625+0000] {dagbag.py:588} INFO - Filling up the DagBag from /opt/airflow/dags/welcome_dag.py
[2024-10-14T23:08:31.657+0000] {processor.py:925} INFO - DAG(s) 'welcome_dag' retrieved from /opt/airflow/dags/welcome_dag.py
[2024-10-14T23:08:31.684+0000] {logging_mixin.py:190} INFO - [2024-10-14T23:08:31.684+0000] {dag.py:3239} INFO - Sync 1 DAGs
[2024-10-14T23:08:31.710+0000] {logging_mixin.py:190} INFO - [2024-10-14T23:08:31.709+0000] {dag.py:4180} INFO - Setting next_dagrun for welcome_dag to 2024-10-14 23:00:00+00:00, run_after=2024-10-15 23:00:00+00:00
[2024-10-14T23:08:31.759+0000] {processor.py:208} INFO - Processing /opt/airflow/dags/welcome_dag.py took 0.143 seconds
[2024-10-14T23:09:01.911+0000] {processor.py:186} INFO - Started process (PID=100) to work on /opt/airflow/dags/welcome_dag.py
[2024-10-14T23:09:01.912+0000] {processor.py:914} INFO - Processing file /opt/airflow/dags/welcome_dag.py for tasks to queue
[2024-10-14T23:09:01.917+0000] {logging_mixin.py:190} INFO - [2024-10-14T23:09:01.917+0000] {dagbag.py:588} INFO - Filling up the DagBag from /opt/airflow/dags/welcome_dag.py
[2024-10-14T23:09:01.941+0000] {processor.py:925} INFO - DAG(s) 'welcome_dag' retrieved from /opt/airflow/dags/welcome_dag.py
[2024-10-14T23:09:01.970+0000] {logging_mixin.py:190} INFO - [2024-10-14T23:09:01.970+0000] {dag.py:3239} INFO - Sync 1 DAGs
[2024-10-14T23:09:02.001+0000] {logging_mixin.py:190} INFO - [2024-10-14T23:09:02.000+0000] {dag.py:4180} INFO - Setting next_dagrun for welcome_dag to 2024-10-14 23:00:00+00:00, run_after=2024-10-15 23:00:00+00:00
[2024-10-14T23:09:02.079+0000] {processor.py:208} INFO - Processing /opt/airflow/dags/welcome_dag.py took 0.178 seconds
[2024-10-14T23:09:33.067+0000] {processor.py:186} INFO - Started process (PID=101) to work on /opt/airflow/dags/welcome_dag.py
[2024-10-14T23:09:33.069+0000] {processor.py:914} INFO - Processing file /opt/airflow/dags/welcome_dag.py for tasks to queue
[2024-10-14T23:09:33.071+0000] {logging_mixin.py:190} INFO - [2024-10-14T23:09:33.071+0000] {dagbag.py:588} INFO - Filling up the DagBag from /opt/airflow/dags/welcome_dag.py
[2024-10-14T23:09:33.108+0000] {processor.py:925} INFO - DAG(s) 'welcome_dag' retrieved from /opt/airflow/dags/welcome_dag.py
[2024-10-14T23:09:33.169+0000] {logging_mixin.py:190} INFO - [2024-10-14T23:09:33.168+0000] {dag.py:3239} INFO - Sync 1 DAGs
[2024-10-14T23:09:33.207+0000] {logging_mixin.py:190} INFO - [2024-10-14T23:09:33.207+0000] {dag.py:4180} INFO - Setting next_dagrun for welcome_dag to 2024-10-14 23:00:00+00:00, run_after=2024-10-15 23:00:00+00:00
[2024-10-14T23:09:33.306+0000] {processor.py:208} INFO - Processing /opt/airflow/dags/welcome_dag.py took 0.244 seconds
[2024-10-14T23:09:53.680+0000] {processor.py:186} INFO - Started process (PID=102) to work on /opt/airflow/dags/welcome_dag.py
[2024-10-14T23:09:53.687+0000] {processor.py:914} INFO - Processing file /opt/airflow/dags/welcome_dag.py for tasks to queue
[2024-10-14T23:09:53.689+0000] {logging_mixin.py:190} INFO - [2024-10-14T23:09:53.689+0000] {dagbag.py:588} INFO - Filling up the DagBag from /opt/airflow/dags/welcome_dag.py
[2024-10-14T23:09:53.707+0000] {logging_mixin.py:190} INFO - [2024-10-14T23:09:53.706+0000] {dagbag.py:387} ERROR - Failed to import: /opt/airflow/dags/welcome_dag.py
Traceback (most recent call last):
  File "/home/airflow/.local/lib/python3.12/site-packages/airflow/models/dagbag.py", line 383, in parse
    loader.exec_module(new_module)
  File "<frozen importlib._bootstrap_external>", line 991, in exec_module
  File "<frozen importlib._bootstrap_external>", line 1129, in get_code
  File "<frozen importlib._bootstrap_external>", line 1059, in source_to_code
  File "<frozen importlib._bootstrap>", line 488, in _call_with_frames_removed
  File "/opt/airflow/dags/welcome_dag.py", line 16
    print('Quote of the day)
          ^
SyntaxError: unterminated string literal (detected at line 16)
[2024-10-14T23:09:53.708+0000] {processor.py:927} WARNING - No viable dags retrieved from /opt/airflow/dags/welcome_dag.py
[2024-10-14T23:09:53.769+0000] {processor.py:208} INFO - Processing /opt/airflow/dags/welcome_dag.py took 0.097 seconds
[2024-10-14T23:10:24.066+0000] {processor.py:186} INFO - Started process (PID=103) to work on /opt/airflow/dags/welcome_dag.py
[2024-10-14T23:10:24.067+0000] {processor.py:914} INFO - Processing file /opt/airflow/dags/welcome_dag.py for tasks to queue
[2024-10-14T23:10:24.069+0000] {logging_mixin.py:190} INFO - [2024-10-14T23:10:24.069+0000] {dagbag.py:588} INFO - Filling up the DagBag from /opt/airflow/dags/welcome_dag.py
[2024-10-14T23:10:24.091+0000] {logging_mixin.py:190} INFO - [2024-10-14T23:10:24.090+0000] {dagbag.py:387} ERROR - Failed to import: /opt/airflow/dags/welcome_dag.py
Traceback (most recent call last):
  File "/home/airflow/.local/lib/python3.12/site-packages/airflow/models/dagbag.py", line 383, in parse
    loader.exec_module(new_module)
  File "<frozen importlib._bootstrap_external>", line 991, in exec_module
  File "<frozen importlib._bootstrap_external>", line 1129, in get_code
  File "<frozen importlib._bootstrap_external>", line 1059, in source_to_code
  File "<frozen importlib._bootstrap>", line 488, in _call_with_frames_removed
  File "/opt/airflow/dags/welcome_dag.py", line 16
    print('Quote of the day)
          ^
SyntaxError: unterminated string literal (detected at line 16)
[2024-10-14T23:10:24.092+0000] {processor.py:927} WARNING - No viable dags retrieved from /opt/airflow/dags/welcome_dag.py
[2024-10-14T23:10:24.143+0000] {processor.py:208} INFO - Processing /opt/airflow/dags/welcome_dag.py took 0.082 seconds
[2024-10-14T23:10:48.814+0000] {processor.py:186} INFO - Started process (PID=104) to work on /opt/airflow/dags/welcome_dag.py
[2024-10-14T23:10:48.822+0000] {processor.py:914} INFO - Processing file /opt/airflow/dags/welcome_dag.py for tasks to queue
[2024-10-14T23:10:48.828+0000] {logging_mixin.py:190} INFO - [2024-10-14T23:10:48.828+0000] {dagbag.py:588} INFO - Filling up the DagBag from /opt/airflow/dags/welcome_dag.py
[2024-10-14T23:10:49.085+0000] {logging_mixin.py:190} INFO - [2024-10-14T23:10:49.084+0000] {dagbag.py:387} ERROR - Failed to import: /opt/airflow/dags/welcome_dag.py
Traceback (most recent call last):
  File "/home/airflow/.local/lib/python3.12/site-packages/airflow/models/dagbag.py", line 383, in parse
    loader.exec_module(new_module)
  File "<frozen importlib._bootstrap_external>", line 991, in exec_module
  File "<frozen importlib._bootstrap_external>", line 1129, in get_code
  File "<frozen importlib._bootstrap_external>", line 1059, in source_to_code
  File "<frozen importlib._bootstrap>", line 488, in _call_with_frames_removed
  File "/opt/airflow/dags/welcome_dag.py", line 16
    print('Quote of the day)
          ^
SyntaxError: unterminated string literal (detected at line 16)
[2024-10-14T23:10:49.086+0000] {processor.py:927} WARNING - No viable dags retrieved from /opt/airflow/dags/welcome_dag.py
[2024-10-14T23:10:49.620+0000] {processor.py:208} INFO - Processing /opt/airflow/dags/welcome_dag.py took 0.813 seconds
[2024-10-14T23:11:20.423+0000] {processor.py:186} INFO - Started process (PID=105) to work on /opt/airflow/dags/welcome_dag.py
[2024-10-14T23:11:20.424+0000] {processor.py:914} INFO - Processing file /opt/airflow/dags/welcome_dag.py for tasks to queue
[2024-10-14T23:11:20.425+0000] {logging_mixin.py:190} INFO - [2024-10-14T23:11:20.425+0000] {dagbag.py:588} INFO - Filling up the DagBag from /opt/airflow/dags/welcome_dag.py
[2024-10-14T23:11:20.455+0000] {logging_mixin.py:190} INFO - [2024-10-14T23:11:20.455+0000] {dagbag.py:387} ERROR - Failed to import: /opt/airflow/dags/welcome_dag.py
Traceback (most recent call last):
  File "/home/airflow/.local/lib/python3.12/site-packages/airflow/models/dagbag.py", line 383, in parse
    loader.exec_module(new_module)
  File "<frozen importlib._bootstrap_external>", line 991, in exec_module
  File "<frozen importlib._bootstrap_external>", line 1129, in get_code
  File "<frozen importlib._bootstrap_external>", line 1059, in source_to_code
  File "<frozen importlib._bootstrap>", line 488, in _call_with_frames_removed
  File "/opt/airflow/dags/welcome_dag.py", line 16
    print('Quote of the day)
          ^
SyntaxError: unterminated string literal (detected at line 16)
[2024-10-14T23:11:20.456+0000] {processor.py:927} WARNING - No viable dags retrieved from /opt/airflow/dags/welcome_dag.py
[2024-10-14T23:11:20.534+0000] {processor.py:208} INFO - Processing /opt/airflow/dags/welcome_dag.py took 0.115 seconds
[2024-10-14T23:11:27.906+0000] {processor.py:186} INFO - Started process (PID=106) to work on /opt/airflow/dags/welcome_dag.py
[2024-10-14T23:11:27.915+0000] {processor.py:914} INFO - Processing file /opt/airflow/dags/welcome_dag.py for tasks to queue
[2024-10-14T23:11:27.916+0000] {logging_mixin.py:190} INFO - [2024-10-14T23:11:27.916+0000] {dagbag.py:588} INFO - Filling up the DagBag from /opt/airflow/dags/welcome_dag.py
[2024-10-14T23:11:27.993+0000] {processor.py:925} INFO - DAG(s) 'welcome_dag' retrieved from /opt/airflow/dags/welcome_dag.py
[2024-10-14T23:11:28.210+0000] {logging_mixin.py:190} INFO - [2024-10-14T23:11:28.209+0000] {dag.py:3239} INFO - Sync 1 DAGs
[2024-10-14T23:11:28.261+0000] {logging_mixin.py:190} INFO - [2024-10-14T23:11:28.261+0000] {dag.py:4180} INFO - Setting next_dagrun for welcome_dag to 2024-10-14 23:00:00+00:00, run_after=2024-10-15 23:00:00+00:00
[2024-10-14T23:11:28.417+0000] {processor.py:208} INFO - Processing /opt/airflow/dags/welcome_dag.py took 0.516 seconds
[2024-10-14T23:12:09.924+0000] {processor.py:186} INFO - Started process (PID=111) to work on /opt/airflow/dags/welcome_dag.py
[2024-10-14T23:12:09.926+0000] {processor.py:914} INFO - Processing file /opt/airflow/dags/welcome_dag.py for tasks to queue
[2024-10-14T23:12:09.927+0000] {logging_mixin.py:190} INFO - [2024-10-14T23:12:09.927+0000] {dagbag.py:588} INFO - Filling up the DagBag from /opt/airflow/dags/welcome_dag.py
[2024-10-14T23:12:10.002+0000] {processor.py:925} INFO - DAG(s) 'welcome_dag' retrieved from /opt/airflow/dags/welcome_dag.py
[2024-10-14T23:12:10.137+0000] {logging_mixin.py:190} INFO - [2024-10-14T23:12:10.137+0000] {dag.py:3239} INFO - Sync 1 DAGs
[2024-10-14T23:12:10.345+0000] {logging_mixin.py:190} INFO - [2024-10-14T23:12:10.345+0000] {dag.py:4180} INFO - Setting next_dagrun for welcome_dag to 2024-10-14 23:00:00+00:00, run_after=2024-10-15 23:00:00+00:00
[2024-10-14T23:12:10.607+0000] {processor.py:208} INFO - Processing /opt/airflow/dags/welcome_dag.py took 0.691 seconds
[2024-10-14T23:12:41.103+0000] {processor.py:186} INFO - Started process (PID=120) to work on /opt/airflow/dags/welcome_dag.py
[2024-10-14T23:12:41.104+0000] {processor.py:914} INFO - Processing file /opt/airflow/dags/welcome_dag.py for tasks to queue
[2024-10-14T23:12:41.106+0000] {logging_mixin.py:190} INFO - [2024-10-14T23:12:41.105+0000] {dagbag.py:588} INFO - Filling up the DagBag from /opt/airflow/dags/welcome_dag.py
[2024-10-14T23:12:41.135+0000] {processor.py:925} INFO - DAG(s) 'welcome_dag' retrieved from /opt/airflow/dags/welcome_dag.py
[2024-10-14T23:12:41.168+0000] {logging_mixin.py:190} INFO - [2024-10-14T23:12:41.168+0000] {dag.py:3239} INFO - Sync 1 DAGs
[2024-10-14T23:12:41.198+0000] {logging_mixin.py:190} INFO - [2024-10-14T23:12:41.198+0000] {dag.py:4180} INFO - Setting next_dagrun for welcome_dag to 2024-10-14 23:00:00+00:00, run_after=2024-10-15 23:00:00+00:00
[2024-10-14T23:12:41.263+0000] {processor.py:208} INFO - Processing /opt/airflow/dags/welcome_dag.py took 0.165 seconds
[2024-10-14T23:13:12.326+0000] {processor.py:186} INFO - Started process (PID=121) to work on /opt/airflow/dags/welcome_dag.py
[2024-10-14T23:13:12.329+0000] {processor.py:914} INFO - Processing file /opt/airflow/dags/welcome_dag.py for tasks to queue
[2024-10-14T23:13:12.334+0000] {logging_mixin.py:190} INFO - [2024-10-14T23:13:12.332+0000] {dagbag.py:588} INFO - Filling up the DagBag from /opt/airflow/dags/welcome_dag.py
[2024-10-14T23:13:12.364+0000] {processor.py:925} INFO - DAG(s) 'welcome_dag' retrieved from /opt/airflow/dags/welcome_dag.py
[2024-10-14T23:13:12.470+0000] {logging_mixin.py:190} INFO - [2024-10-14T23:13:12.470+0000] {dag.py:3239} INFO - Sync 1 DAGs
[2024-10-14T23:13:12.740+0000] {logging_mixin.py:190} INFO - [2024-10-14T23:13:12.739+0000] {dag.py:4180} INFO - Setting next_dagrun for welcome_dag to 2024-10-14 23:00:00+00:00, run_after=2024-10-15 23:00:00+00:00
[2024-10-14T23:13:12.858+0000] {processor.py:208} INFO - Processing /opt/airflow/dags/welcome_dag.py took 0.537 seconds
[2024-10-14T23:13:43.644+0000] {processor.py:186} INFO - Started process (PID=122) to work on /opt/airflow/dags/welcome_dag.py
[2024-10-14T23:13:43.806+0000] {processor.py:914} INFO - Processing file /opt/airflow/dags/welcome_dag.py for tasks to queue
[2024-10-14T23:13:43.902+0000] {logging_mixin.py:190} INFO - [2024-10-14T23:13:43.902+0000] {dagbag.py:588} INFO - Filling up the DagBag from /opt/airflow/dags/welcome_dag.py
[2024-10-14T23:13:43.956+0000] {processor.py:925} INFO - DAG(s) 'welcome_dag' retrieved from /opt/airflow/dags/welcome_dag.py
[2024-10-14T23:13:43.988+0000] {logging_mixin.py:190} INFO - [2024-10-14T23:13:43.988+0000] {dag.py:3239} INFO - Sync 1 DAGs
[2024-10-14T23:13:44.027+0000] {logging_mixin.py:190} INFO - [2024-10-14T23:13:44.026+0000] {dag.py:4180} INFO - Setting next_dagrun for welcome_dag to 2024-10-14 23:00:00+00:00, run_after=2024-10-15 23:00:00+00:00
[2024-10-14T23:13:44.117+0000] {processor.py:208} INFO - Processing /opt/airflow/dags/welcome_dag.py took 0.478 seconds
[2024-10-14T23:14:14.548+0000] {processor.py:186} INFO - Started process (PID=123) to work on /opt/airflow/dags/welcome_dag.py
[2024-10-14T23:14:14.550+0000] {processor.py:914} INFO - Processing file /opt/airflow/dags/welcome_dag.py for tasks to queue
[2024-10-14T23:14:14.551+0000] {logging_mixin.py:190} INFO - [2024-10-14T23:14:14.550+0000] {dagbag.py:588} INFO - Filling up the DagBag from /opt/airflow/dags/welcome_dag.py
[2024-10-14T23:14:14.581+0000] {processor.py:925} INFO - DAG(s) 'welcome_dag' retrieved from /opt/airflow/dags/welcome_dag.py
[2024-10-14T23:14:14.621+0000] {logging_mixin.py:190} INFO - [2024-10-14T23:14:14.621+0000] {dag.py:3239} INFO - Sync 1 DAGs
[2024-10-14T23:14:14.660+0000] {logging_mixin.py:190} INFO - [2024-10-14T23:14:14.659+0000] {dag.py:4180} INFO - Setting next_dagrun for welcome_dag to 2024-10-14 23:00:00+00:00, run_after=2024-10-15 23:00:00+00:00
[2024-10-14T23:14:14.753+0000] {processor.py:208} INFO - Processing /opt/airflow/dags/welcome_dag.py took 0.212 seconds
[2024-10-14T23:14:45.195+0000] {processor.py:186} INFO - Started process (PID=124) to work on /opt/airflow/dags/welcome_dag.py
[2024-10-14T23:14:45.197+0000] {processor.py:914} INFO - Processing file /opt/airflow/dags/welcome_dag.py for tasks to queue
[2024-10-14T23:14:45.204+0000] {logging_mixin.py:190} INFO - [2024-10-14T23:14:45.202+0000] {dagbag.py:588} INFO - Filling up the DagBag from /opt/airflow/dags/welcome_dag.py
[2024-10-14T23:14:45.251+0000] {processor.py:925} INFO - DAG(s) 'welcome_dag' retrieved from /opt/airflow/dags/welcome_dag.py
[2024-10-14T23:14:45.305+0000] {logging_mixin.py:190} INFO - [2024-10-14T23:14:45.305+0000] {dag.py:3239} INFO - Sync 1 DAGs
[2024-10-14T23:14:45.350+0000] {logging_mixin.py:190} INFO - [2024-10-14T23:14:45.349+0000] {dag.py:4180} INFO - Setting next_dagrun for welcome_dag to 2024-10-14 23:00:00+00:00, run_after=2024-10-15 23:00:00+00:00
[2024-10-14T23:14:45.487+0000] {processor.py:208} INFO - Processing /opt/airflow/dags/welcome_dag.py took 0.298 seconds
[2024-10-14T23:15:15.630+0000] {processor.py:186} INFO - Started process (PID=125) to work on /opt/airflow/dags/welcome_dag.py
[2024-10-14T23:15:15.631+0000] {processor.py:914} INFO - Processing file /opt/airflow/dags/welcome_dag.py for tasks to queue
[2024-10-14T23:15:15.632+0000] {logging_mixin.py:190} INFO - [2024-10-14T23:15:15.632+0000] {dagbag.py:588} INFO - Filling up the DagBag from /opt/airflow/dags/welcome_dag.py
[2024-10-14T23:15:15.664+0000] {processor.py:925} INFO - DAG(s) 'welcome_dag' retrieved from /opt/airflow/dags/welcome_dag.py
[2024-10-14T23:15:15.697+0000] {logging_mixin.py:190} INFO - [2024-10-14T23:15:15.696+0000] {dag.py:3239} INFO - Sync 1 DAGs
[2024-10-14T23:15:15.729+0000] {logging_mixin.py:190} INFO - [2024-10-14T23:15:15.729+0000] {dag.py:4180} INFO - Setting next_dagrun for welcome_dag to 2024-10-14 23:00:00+00:00, run_after=2024-10-15 23:00:00+00:00
[2024-10-14T23:15:15.809+0000] {processor.py:208} INFO - Processing /opt/airflow/dags/welcome_dag.py took 0.184 seconds
[2024-10-14T23:15:46.175+0000] {processor.py:186} INFO - Started process (PID=126) to work on /opt/airflow/dags/welcome_dag.py
[2024-10-14T23:15:46.176+0000] {processor.py:914} INFO - Processing file /opt/airflow/dags/welcome_dag.py for tasks to queue
[2024-10-14T23:15:46.178+0000] {logging_mixin.py:190} INFO - [2024-10-14T23:15:46.177+0000] {dagbag.py:588} INFO - Filling up the DagBag from /opt/airflow/dags/welcome_dag.py
[2024-10-14T23:15:46.202+0000] {processor.py:925} INFO - DAG(s) 'welcome_dag' retrieved from /opt/airflow/dags/welcome_dag.py
[2024-10-14T23:15:46.239+0000] {logging_mixin.py:190} INFO - [2024-10-14T23:15:46.238+0000] {dag.py:3239} INFO - Sync 1 DAGs
[2024-10-14T23:15:46.269+0000] {logging_mixin.py:190} INFO - [2024-10-14T23:15:46.269+0000] {dag.py:4180} INFO - Setting next_dagrun for welcome_dag to 2024-10-14 23:00:00+00:00, run_after=2024-10-15 23:00:00+00:00
[2024-10-14T23:15:46.357+0000] {processor.py:208} INFO - Processing /opt/airflow/dags/welcome_dag.py took 0.187 seconds
[2024-10-14T23:16:16.817+0000] {processor.py:186} INFO - Started process (PID=127) to work on /opt/airflow/dags/welcome_dag.py
[2024-10-14T23:16:16.818+0000] {processor.py:914} INFO - Processing file /opt/airflow/dags/welcome_dag.py for tasks to queue
[2024-10-14T23:16:16.819+0000] {logging_mixin.py:190} INFO - [2024-10-14T23:16:16.819+0000] {dagbag.py:588} INFO - Filling up the DagBag from /opt/airflow/dags/welcome_dag.py
[2024-10-14T23:16:16.887+0000] {processor.py:925} INFO - DAG(s) 'welcome_dag' retrieved from /opt/airflow/dags/welcome_dag.py
[2024-10-14T23:16:16.969+0000] {logging_mixin.py:190} INFO - [2024-10-14T23:16:16.969+0000] {dag.py:3239} INFO - Sync 1 DAGs
[2024-10-14T23:16:17.031+0000] {logging_mixin.py:190} INFO - [2024-10-14T23:16:17.031+0000] {dag.py:4180} INFO - Setting next_dagrun for welcome_dag to 2024-10-14 23:00:00+00:00, run_after=2024-10-15 23:00:00+00:00
[2024-10-14T23:16:17.205+0000] {processor.py:208} INFO - Processing /opt/airflow/dags/welcome_dag.py took 0.393 seconds
[2024-10-14T23:16:47.625+0000] {processor.py:186} INFO - Started process (PID=128) to work on /opt/airflow/dags/welcome_dag.py
[2024-10-14T23:16:47.634+0000] {processor.py:914} INFO - Processing file /opt/airflow/dags/welcome_dag.py for tasks to queue
[2024-10-14T23:16:47.636+0000] {logging_mixin.py:190} INFO - [2024-10-14T23:16:47.636+0000] {dagbag.py:588} INFO - Filling up the DagBag from /opt/airflow/dags/welcome_dag.py
[2024-10-14T23:16:47.671+0000] {processor.py:925} INFO - DAG(s) 'welcome_dag' retrieved from /opt/airflow/dags/welcome_dag.py
[2024-10-14T23:16:47.712+0000] {logging_mixin.py:190} INFO - [2024-10-14T23:16:47.711+0000] {dag.py:3239} INFO - Sync 1 DAGs
[2024-10-14T23:16:47.750+0000] {logging_mixin.py:190} INFO - [2024-10-14T23:16:47.750+0000] {dag.py:4180} INFO - Setting next_dagrun for welcome_dag to 2024-10-14 23:00:00+00:00, run_after=2024-10-15 23:00:00+00:00
[2024-10-14T23:16:47.852+0000] {processor.py:208} INFO - Processing /opt/airflow/dags/welcome_dag.py took 0.231 seconds
[2024-10-14T23:17:18.838+0000] {processor.py:186} INFO - Started process (PID=129) to work on /opt/airflow/dags/welcome_dag.py
[2024-10-14T23:17:18.997+0000] {processor.py:914} INFO - Processing file /opt/airflow/dags/welcome_dag.py for tasks to queue
[2024-10-14T23:17:19.036+0000] {logging_mixin.py:190} INFO - [2024-10-14T23:17:19.035+0000] {dagbag.py:588} INFO - Filling up the DagBag from /opt/airflow/dags/welcome_dag.py
[2024-10-14T23:17:19.528+0000] {processor.py:925} INFO - DAG(s) 'welcome_dag' retrieved from /opt/airflow/dags/welcome_dag.py
[2024-10-14T23:17:19.637+0000] {logging_mixin.py:190} INFO - [2024-10-14T23:17:19.637+0000] {dag.py:3239} INFO - Sync 1 DAGs
[2024-10-14T23:17:19.755+0000] {logging_mixin.py:190} INFO - [2024-10-14T23:17:19.755+0000] {dag.py:4180} INFO - Setting next_dagrun for welcome_dag to 2024-10-14 23:00:00+00:00, run_after=2024-10-15 23:00:00+00:00
[2024-10-14T23:17:20.302+0000] {processor.py:208} INFO - Processing /opt/airflow/dags/welcome_dag.py took 1.470 seconds
[2024-10-14T23:17:50.836+0000] {processor.py:186} INFO - Started process (PID=130) to work on /opt/airflow/dags/welcome_dag.py
[2024-10-14T23:17:50.839+0000] {processor.py:914} INFO - Processing file /opt/airflow/dags/welcome_dag.py for tasks to queue
[2024-10-14T23:17:50.840+0000] {logging_mixin.py:190} INFO - [2024-10-14T23:17:50.840+0000] {dagbag.py:588} INFO - Filling up the DagBag from /opt/airflow/dags/welcome_dag.py
[2024-10-14T23:17:50.873+0000] {processor.py:925} INFO - DAG(s) 'welcome_dag' retrieved from /opt/airflow/dags/welcome_dag.py
[2024-10-14T23:17:50.899+0000] {logging_mixin.py:190} INFO - [2024-10-14T23:17:50.898+0000] {dag.py:3239} INFO - Sync 1 DAGs
[2024-10-14T23:17:50.925+0000] {logging_mixin.py:190} INFO - [2024-10-14T23:17:50.925+0000] {dag.py:4180} INFO - Setting next_dagrun for welcome_dag to 2024-10-14 23:00:00+00:00, run_after=2024-10-15 23:00:00+00:00
[2024-10-14T23:17:50.997+0000] {processor.py:208} INFO - Processing /opt/airflow/dags/welcome_dag.py took 0.165 seconds
[2024-10-14T23:44:28.947+0000] {processor.py:186} INFO - Started process (PID=33) to work on /opt/airflow/src/dags/welcome_dag.py
[2024-10-14T23:44:28.948+0000] {processor.py:914} INFO - Processing file /opt/airflow/src/dags/welcome_dag.py for tasks to queue
[2024-10-14T23:44:28.951+0000] {logging_mixin.py:190} INFO - [2024-10-14T23:44:28.951+0000] {dagbag.py:588} INFO - Filling up the DagBag from /opt/airflow/src/dags/welcome_dag.py
[2024-10-14T23:44:29.225+0000] {logging_mixin.py:190} INFO - [2024-10-14T23:44:29.189+0000] {dagbag.py:387} ERROR - Failed to import: /opt/airflow/src/dags/welcome_dag.py
Traceback (most recent call last):
  File "/home/airflow/.local/lib/python3.12/site-packages/airflow/models/dagbag.py", line 383, in parse
    loader.exec_module(new_module)
  File "<frozen importlib._bootstrap_external>", line 995, in exec_module
  File "<frozen importlib._bootstrap>", line 488, in _call_with_frames_removed
  File "/opt/airflow/src/dags/welcome_dag.py", line 1, in <module>
    from src.download import download_files_from_s3
ModuleNotFoundError: No module named 'src'
[2024-10-14T23:44:29.242+0000] {logging_mixin.py:190} WARNING - /opt/airflow/src/dags/welcome_dag.py:36 SyntaxWarning: invalid escape sequence '\P'
[2024-10-14T23:44:29.244+0000] {logging_mixin.py:190} WARNING - /opt/airflow/src/dags/welcome_dag.py:37 SyntaxWarning: invalid escape sequence '\P'
[2024-10-14T23:44:29.249+0000] {processor.py:927} WARNING - No viable dags retrieved from /opt/airflow/src/dags/welcome_dag.py
[2024-10-14T23:44:29.359+0000] {processor.py:208} INFO - Processing /opt/airflow/src/dags/welcome_dag.py took 0.428 seconds
[2024-10-14T23:45:00.511+0000] {processor.py:186} INFO - Started process (PID=36) to work on /opt/airflow/src/dags/welcome_dag.py
[2024-10-14T23:45:00.517+0000] {processor.py:914} INFO - Processing file /opt/airflow/src/dags/welcome_dag.py for tasks to queue
[2024-10-14T23:45:00.519+0000] {logging_mixin.py:190} INFO - [2024-10-14T23:45:00.518+0000] {dagbag.py:588} INFO - Filling up the DagBag from /opt/airflow/src/dags/welcome_dag.py
[2024-10-14T23:45:00.537+0000] {logging_mixin.py:190} INFO - [2024-10-14T23:45:00.534+0000] {dagbag.py:387} ERROR - Failed to import: /opt/airflow/src/dags/welcome_dag.py
Traceback (most recent call last):
  File "/home/airflow/.local/lib/python3.12/site-packages/airflow/models/dagbag.py", line 383, in parse
    loader.exec_module(new_module)
  File "<frozen importlib._bootstrap_external>", line 995, in exec_module
  File "<frozen importlib._bootstrap>", line 488, in _call_with_frames_removed
  File "/opt/airflow/src/dags/welcome_dag.py", line 1, in <module>
    from src.download import download_files_from_s3
ModuleNotFoundError: No module named 'src'
[2024-10-14T23:45:00.539+0000] {processor.py:927} WARNING - No viable dags retrieved from /opt/airflow/src/dags/welcome_dag.py
[2024-10-14T23:45:00.614+0000] {processor.py:208} INFO - Processing /opt/airflow/src/dags/welcome_dag.py took 0.111 seconds
[2024-10-14T23:48:48.084+0000] {processor.py:186} INFO - Started process (PID=33) to work on /opt/airflow/dags/welcome_dag.py
[2024-10-14T23:48:48.085+0000] {processor.py:914} INFO - Processing file /opt/airflow/dags/welcome_dag.py for tasks to queue
[2024-10-14T23:48:48.088+0000] {logging_mixin.py:190} INFO - [2024-10-14T23:48:48.087+0000] {dagbag.py:588} INFO - Filling up the DagBag from /opt/airflow/dags/welcome_dag.py
[2024-10-14T23:48:48.136+0000] {logging_mixin.py:190} INFO - [2024-10-14T23:48:48.132+0000] {dagbag.py:387} ERROR - Failed to import: /opt/airflow/dags/welcome_dag.py
Traceback (most recent call last):
  File "/home/airflow/.local/lib/python3.12/site-packages/airflow/models/dagbag.py", line 383, in parse
    loader.exec_module(new_module)
  File "<frozen importlib._bootstrap_external>", line 995, in exec_module
  File "<frozen importlib._bootstrap>", line 488, in _call_with_frames_removed
  File "/opt/airflow/dags/welcome_dag.py", line 1, in <module>
    from src.download import download_files_from_s3
ModuleNotFoundError: No module named 'src'
[2024-10-14T23:48:48.148+0000] {processor.py:927} WARNING - No viable dags retrieved from /opt/airflow/dags/welcome_dag.py
[2024-10-14T23:48:48.368+0000] {processor.py:208} INFO - Processing /opt/airflow/dags/welcome_dag.py took 0.297 seconds
[2024-10-14T23:49:32.673+0000] {processor.py:186} INFO - Started process (PID=32) to work on /opt/airflow/dags/welcome_dag.py
[2024-10-14T23:49:32.675+0000] {processor.py:914} INFO - Processing file /opt/airflow/dags/welcome_dag.py for tasks to queue
[2024-10-14T23:49:32.677+0000] {logging_mixin.py:190} INFO - [2024-10-14T23:49:32.677+0000] {dagbag.py:588} INFO - Filling up the DagBag from /opt/airflow/dags/welcome_dag.py
[2024-10-14T23:49:32.692+0000] {logging_mixin.py:190} INFO - [2024-10-14T23:49:32.689+0000] {dagbag.py:387} ERROR - Failed to import: /opt/airflow/dags/welcome_dag.py
Traceback (most recent call last):
  File "/home/airflow/.local/lib/python3.12/site-packages/airflow/models/dagbag.py", line 383, in parse
    loader.exec_module(new_module)
  File "<frozen importlib._bootstrap_external>", line 995, in exec_module
  File "<frozen importlib._bootstrap>", line 488, in _call_with_frames_removed
  File "/opt/airflow/dags/welcome_dag.py", line 1, in <module>
    from src.download import download_files_from_s3
ModuleNotFoundError: No module named 'src'
[2024-10-14T23:49:32.694+0000] {processor.py:927} WARNING - No viable dags retrieved from /opt/airflow/dags/welcome_dag.py
[2024-10-14T23:49:32.731+0000] {processor.py:208} INFO - Processing /opt/airflow/dags/welcome_dag.py took 0.064 seconds
[2024-10-14T23:49:59.275+0000] {processor.py:186} INFO - Started process (PID=35) to work on /opt/airflow/dags/welcome_dag.py
[2024-10-14T23:49:59.278+0000] {processor.py:914} INFO - Processing file /opt/airflow/dags/welcome_dag.py for tasks to queue
[2024-10-14T23:49:59.281+0000] {logging_mixin.py:190} INFO - [2024-10-14T23:49:59.280+0000] {dagbag.py:588} INFO - Filling up the DagBag from /opt/airflow/dags/welcome_dag.py
[2024-10-14T23:49:59.330+0000] {logging_mixin.py:190} INFO - [2024-10-14T23:49:59.319+0000] {dagbag.py:387} ERROR - Failed to import: /opt/airflow/dags/welcome_dag.py
Traceback (most recent call last):
  File "/home/airflow/.local/lib/python3.12/site-packages/airflow/models/dagbag.py", line 383, in parse
    loader.exec_module(new_module)
  File "<frozen importlib._bootstrap_external>", line 995, in exec_module
  File "<frozen importlib._bootstrap>", line 488, in _call_with_frames_removed
  File "/opt/airflow/dags/welcome_dag.py", line 1, in <module>
    from src.download import download_files_from_s3
ModuleNotFoundError: No module named 'src'
[2024-10-14T23:49:59.333+0000] {logging_mixin.py:190} WARNING - /opt/airflow/dags/welcome_dag.py:36 SyntaxWarning: invalid escape sequence '\P'
[2024-10-14T23:49:59.334+0000] {logging_mixin.py:190} WARNING - /opt/airflow/dags/welcome_dag.py:37 SyntaxWarning: invalid escape sequence '\P'
[2024-10-14T23:49:59.335+0000] {processor.py:927} WARNING - No viable dags retrieved from /opt/airflow/dags/welcome_dag.py
[2024-10-14T23:49:59.382+0000] {processor.py:208} INFO - Processing /opt/airflow/dags/welcome_dag.py took 0.113 seconds
[2024-10-14T23:54:54.897+0000] {processor.py:186} INFO - Started process (PID=33) to work on /opt/airflow/dags/welcome_dag.py
[2024-10-14T23:54:54.898+0000] {processor.py:914} INFO - Processing file /opt/airflow/dags/welcome_dag.py for tasks to queue
[2024-10-14T23:54:54.901+0000] {logging_mixin.py:190} INFO - [2024-10-14T23:54:54.900+0000] {dagbag.py:588} INFO - Filling up the DagBag from /opt/airflow/dags/welcome_dag.py
[2024-10-14T23:54:54.920+0000] {logging_mixin.py:190} INFO - [2024-10-14T23:54:54.915+0000] {dagbag.py:387} ERROR - Failed to import: /opt/airflow/dags/welcome_dag.py
Traceback (most recent call last):
  File "/home/airflow/.local/lib/python3.12/site-packages/airflow/models/dagbag.py", line 383, in parse
    loader.exec_module(new_module)
  File "<frozen importlib._bootstrap_external>", line 995, in exec_module
  File "<frozen importlib._bootstrap>", line 488, in _call_with_frames_removed
  File "/opt/airflow/dags/welcome_dag.py", line 1, in <module>
    from src.download import download_files_from_s3
ModuleNotFoundError: No module named 'src'
[2024-10-14T23:54:54.922+0000] {processor.py:927} WARNING - No viable dags retrieved from /opt/airflow/dags/welcome_dag.py
[2024-10-14T23:54:54.981+0000] {processor.py:208} INFO - Processing /opt/airflow/dags/welcome_dag.py took 0.090 seconds
[2024-10-14T23:55:25.133+0000] {processor.py:186} INFO - Started process (PID=36) to work on /opt/airflow/dags/welcome_dag.py
[2024-10-14T23:55:25.135+0000] {processor.py:914} INFO - Processing file /opt/airflow/dags/welcome_dag.py for tasks to queue
[2024-10-14T23:55:25.137+0000] {logging_mixin.py:190} INFO - [2024-10-14T23:55:25.137+0000] {dagbag.py:588} INFO - Filling up the DagBag from /opt/airflow/dags/welcome_dag.py
[2024-10-14T23:55:25.151+0000] {logging_mixin.py:190} INFO - [2024-10-14T23:55:25.148+0000] {dagbag.py:387} ERROR - Failed to import: /opt/airflow/dags/welcome_dag.py
Traceback (most recent call last):
  File "/home/airflow/.local/lib/python3.12/site-packages/airflow/models/dagbag.py", line 383, in parse
    loader.exec_module(new_module)
  File "<frozen importlib._bootstrap_external>", line 995, in exec_module
  File "<frozen importlib._bootstrap>", line 488, in _call_with_frames_removed
  File "/opt/airflow/dags/welcome_dag.py", line 1, in <module>
    from src.download import download_files_from_s3
ModuleNotFoundError: No module named 'src'
[2024-10-14T23:55:25.153+0000] {processor.py:927} WARNING - No viable dags retrieved from /opt/airflow/dags/welcome_dag.py
[2024-10-14T23:55:25.202+0000] {processor.py:208} INFO - Processing /opt/airflow/dags/welcome_dag.py took 0.079 seconds
[2024-10-14T23:56:13.597+0000] {processor.py:186} INFO - Started process (PID=33) to work on /opt/airflow/dags/welcome_dag.py
[2024-10-14T23:56:13.599+0000] {processor.py:914} INFO - Processing file /opt/airflow/dags/welcome_dag.py for tasks to queue
[2024-10-14T23:56:13.601+0000] {logging_mixin.py:190} INFO - [2024-10-14T23:56:13.601+0000] {dagbag.py:588} INFO - Filling up the DagBag from /opt/airflow/dags/welcome_dag.py
[2024-10-14T23:56:13.645+0000] {logging_mixin.py:190} INFO - [2024-10-14T23:56:13.621+0000] {dagbag.py:387} ERROR - Failed to import: /opt/airflow/dags/welcome_dag.py
Traceback (most recent call last):
  File "/home/airflow/.local/lib/python3.12/site-packages/airflow/models/dagbag.py", line 383, in parse
    loader.exec_module(new_module)
  File "<frozen importlib._bootstrap_external>", line 995, in exec_module
  File "<frozen importlib._bootstrap>", line 488, in _call_with_frames_removed
  File "/opt/airflow/dags/welcome_dag.py", line 1, in <module>
    from src.download import download_files_from_s3
ModuleNotFoundError: No module named 'src'
[2024-10-14T23:56:13.647+0000] {processor.py:927} WARNING - No viable dags retrieved from /opt/airflow/dags/welcome_dag.py
[2024-10-14T23:56:13.708+0000] {processor.py:208} INFO - Processing /opt/airflow/dags/welcome_dag.py took 0.118 seconds
[2024-10-14T23:56:44.049+0000] {processor.py:186} INFO - Started process (PID=36) to work on /opt/airflow/dags/welcome_dag.py
[2024-10-14T23:56:44.050+0000] {processor.py:914} INFO - Processing file /opt/airflow/dags/welcome_dag.py for tasks to queue
[2024-10-14T23:56:44.053+0000] {logging_mixin.py:190} INFO - [2024-10-14T23:56:44.052+0000] {dagbag.py:588} INFO - Filling up the DagBag from /opt/airflow/dags/welcome_dag.py
[2024-10-14T23:56:44.073+0000] {logging_mixin.py:190} INFO - [2024-10-14T23:56:44.070+0000] {dagbag.py:387} ERROR - Failed to import: /opt/airflow/dags/welcome_dag.py
Traceback (most recent call last):
  File "/home/airflow/.local/lib/python3.12/site-packages/airflow/models/dagbag.py", line 383, in parse
    loader.exec_module(new_module)
  File "<frozen importlib._bootstrap_external>", line 995, in exec_module
  File "<frozen importlib._bootstrap>", line 488, in _call_with_frames_removed
  File "/opt/airflow/dags/welcome_dag.py", line 1, in <module>
    from src.download import download_files_from_s3
ModuleNotFoundError: No module named 'src'
[2024-10-14T23:56:44.074+0000] {processor.py:927} WARNING - No viable dags retrieved from /opt/airflow/dags/welcome_dag.py
[2024-10-14T23:56:44.116+0000] {processor.py:208} INFO - Processing /opt/airflow/dags/welcome_dag.py took 0.071 seconds
[2024-10-14T23:57:14.219+0000] {processor.py:186} INFO - Started process (PID=37) to work on /opt/airflow/dags/welcome_dag.py
[2024-10-14T23:57:14.220+0000] {processor.py:914} INFO - Processing file /opt/airflow/dags/welcome_dag.py for tasks to queue
[2024-10-14T23:57:14.223+0000] {logging_mixin.py:190} INFO - [2024-10-14T23:57:14.222+0000] {dagbag.py:588} INFO - Filling up the DagBag from /opt/airflow/dags/welcome_dag.py
[2024-10-14T23:57:14.242+0000] {logging_mixin.py:190} INFO - [2024-10-14T23:57:14.239+0000] {dagbag.py:387} ERROR - Failed to import: /opt/airflow/dags/welcome_dag.py
Traceback (most recent call last):
  File "/home/airflow/.local/lib/python3.12/site-packages/airflow/models/dagbag.py", line 383, in parse
    loader.exec_module(new_module)
  File "<frozen importlib._bootstrap_external>", line 995, in exec_module
  File "<frozen importlib._bootstrap>", line 488, in _call_with_frames_removed
  File "/opt/airflow/dags/welcome_dag.py", line 1, in <module>
    from src.download import download_files_from_s3
ModuleNotFoundError: No module named 'src'
[2024-10-14T23:57:14.243+0000] {processor.py:927} WARNING - No viable dags retrieved from /opt/airflow/dags/welcome_dag.py
[2024-10-14T23:57:14.276+0000] {processor.py:208} INFO - Processing /opt/airflow/dags/welcome_dag.py took 0.060 seconds
[2024-10-14T23:57:44.780+0000] {processor.py:186} INFO - Started process (PID=38) to work on /opt/airflow/dags/welcome_dag.py
[2024-10-14T23:57:44.781+0000] {processor.py:914} INFO - Processing file /opt/airflow/dags/welcome_dag.py for tasks to queue
[2024-10-14T23:57:44.784+0000] {logging_mixin.py:190} INFO - [2024-10-14T23:57:44.783+0000] {dagbag.py:588} INFO - Filling up the DagBag from /opt/airflow/dags/welcome_dag.py
[2024-10-14T23:57:44.814+0000] {logging_mixin.py:190} INFO - [2024-10-14T23:57:44.810+0000] {dagbag.py:387} ERROR - Failed to import: /opt/airflow/dags/welcome_dag.py
Traceback (most recent call last):
  File "/home/airflow/.local/lib/python3.12/site-packages/airflow/models/dagbag.py", line 383, in parse
    loader.exec_module(new_module)
  File "<frozen importlib._bootstrap_external>", line 995, in exec_module
  File "<frozen importlib._bootstrap>", line 488, in _call_with_frames_removed
  File "/opt/airflow/dags/welcome_dag.py", line 1, in <module>
    from src.download import download_files_from_s3
ModuleNotFoundError: No module named 'src'
[2024-10-14T23:57:44.815+0000] {processor.py:927} WARNING - No viable dags retrieved from /opt/airflow/dags/welcome_dag.py
[2024-10-14T23:57:44.850+0000] {processor.py:208} INFO - Processing /opt/airflow/dags/welcome_dag.py took 0.074 seconds
[2024-10-14T23:58:28.316+0000] {processor.py:186} INFO - Started process (PID=33) to work on /opt/airflow/dags/welcome_dag.py
[2024-10-14T23:58:28.317+0000] {processor.py:914} INFO - Processing file /opt/airflow/dags/welcome_dag.py for tasks to queue
[2024-10-14T23:58:28.319+0000] {logging_mixin.py:190} INFO - [2024-10-14T23:58:28.319+0000] {dagbag.py:588} INFO - Filling up the DagBag from /opt/airflow/dags/welcome_dag.py
[2024-10-14T23:58:28.334+0000] {logging_mixin.py:190} INFO - [2024-10-14T23:58:28.330+0000] {dagbag.py:387} ERROR - Failed to import: /opt/airflow/dags/welcome_dag.py
Traceback (most recent call last):
  File "/home/airflow/.local/lib/python3.12/site-packages/airflow/models/dagbag.py", line 383, in parse
    loader.exec_module(new_module)
  File "<frozen importlib._bootstrap_external>", line 995, in exec_module
  File "<frozen importlib._bootstrap>", line 488, in _call_with_frames_removed
  File "/opt/airflow/dags/welcome_dag.py", line 1, in <module>
    from src.download import download_files_from_s3
ModuleNotFoundError: No module named 'src'
[2024-10-14T23:58:28.336+0000] {processor.py:927} WARNING - No viable dags retrieved from /opt/airflow/dags/welcome_dag.py
[2024-10-14T23:58:28.391+0000] {processor.py:208} INFO - Processing /opt/airflow/dags/welcome_dag.py took 0.081 seconds
[2024-10-14T23:58:58.492+0000] {processor.py:186} INFO - Started process (PID=36) to work on /opt/airflow/dags/welcome_dag.py
[2024-10-14T23:58:58.493+0000] {processor.py:914} INFO - Processing file /opt/airflow/dags/welcome_dag.py for tasks to queue
[2024-10-14T23:58:58.495+0000] {logging_mixin.py:190} INFO - [2024-10-14T23:58:58.495+0000] {dagbag.py:588} INFO - Filling up the DagBag from /opt/airflow/dags/welcome_dag.py
[2024-10-14T23:58:58.507+0000] {logging_mixin.py:190} INFO - [2024-10-14T23:58:58.504+0000] {dagbag.py:387} ERROR - Failed to import: /opt/airflow/dags/welcome_dag.py
Traceback (most recent call last):
  File "/home/airflow/.local/lib/python3.12/site-packages/airflow/models/dagbag.py", line 383, in parse
    loader.exec_module(new_module)
  File "<frozen importlib._bootstrap_external>", line 995, in exec_module
  File "<frozen importlib._bootstrap>", line 488, in _call_with_frames_removed
  File "/opt/airflow/dags/welcome_dag.py", line 1, in <module>
    from src.download import download_files_from_s3
ModuleNotFoundError: No module named 'src'
[2024-10-14T23:58:58.508+0000] {processor.py:927} WARNING - No viable dags retrieved from /opt/airflow/dags/welcome_dag.py
[2024-10-14T23:58:58.544+0000] {processor.py:208} INFO - Processing /opt/airflow/dags/welcome_dag.py took 0.055 seconds
[2024-10-14T23:59:29.114+0000] {processor.py:186} INFO - Started process (PID=37) to work on /opt/airflow/dags/welcome_dag.py
[2024-10-14T23:59:29.116+0000] {processor.py:914} INFO - Processing file /opt/airflow/dags/welcome_dag.py for tasks to queue
[2024-10-14T23:59:29.118+0000] {logging_mixin.py:190} INFO - [2024-10-14T23:59:29.118+0000] {dagbag.py:588} INFO - Filling up the DagBag from /opt/airflow/dags/welcome_dag.py
[2024-10-14T23:59:29.139+0000] {logging_mixin.py:190} INFO - [2024-10-14T23:59:29.136+0000] {dagbag.py:387} ERROR - Failed to import: /opt/airflow/dags/welcome_dag.py
Traceback (most recent call last):
  File "/home/airflow/.local/lib/python3.12/site-packages/airflow/models/dagbag.py", line 383, in parse
    loader.exec_module(new_module)
  File "<frozen importlib._bootstrap_external>", line 995, in exec_module
  File "<frozen importlib._bootstrap>", line 488, in _call_with_frames_removed
  File "/opt/airflow/dags/welcome_dag.py", line 1, in <module>
    from src.download import download_files_from_s3
ModuleNotFoundError: No module named 'src'
[2024-10-14T23:59:29.141+0000] {processor.py:927} WARNING - No viable dags retrieved from /opt/airflow/dags/welcome_dag.py
[2024-10-14T23:59:29.173+0000] {processor.py:208} INFO - Processing /opt/airflow/dags/welcome_dag.py took 0.063 seconds
